[    0.000000] Initializing cgroup subsys cpuset
[    0.000000] Initializing cgroup subsys cpu
[    0.000000] Initializing cgroup subsys cpuacct
[    0.000000] Linux version 4.4.0-143-generic (buildd@lgw01-amd64-041) (gcc version 5.4.0 20160609 (Ubuntu 5.4.0-6ubuntu1~16.04.10) ) #169-Ubuntu SMP Thu Feb 7 07:56:38 UTC 2019(Ubuntu 4.4.0-143.169-generic 4.4.170)
[    0.000000] Command line: BOOT_IMAGE=/boot/vmlinuz-4.4.0-143-generic root=LABEL=cloudimg-rootfs ro console=tty1 console=ttyS0
[    0.000000] KERNEL supported cpus:
[    0.000000]   Intel GenuineIntel
[    0.000000]   AMD AuthenticAMD
[    0.000000]   Centaur CentaurHauls
[    0.000000] x86/fpu: xstate_offset[2]:  576, xstate_sizes[2]:  256
[    0.000000] x86/fpu: Supporting XSAVE feature 0x01: 'x87 floating point registers'
[    0.000000] x86/fpu: Supporting XSAVE feature 0x02: 'SSE registers'
[    0.000000] x86/fpu: Supporting XSAVE feature 0x04: 'AVX registers'
[    0.000000] x86/fpu: Enabled xstate features 0x7, context size is 832 bytes, using 'standard' format.
[    0.000000] e820: BIOS-provided physical RAM map:
[    0.000000] BIOS-e820: [mem 0x0000000000000-0x000000000009fbff] usable
[    0.000000] BIOS-e820: [mem 0x000000000009fc00-0x000000000009ffff] reserved
[    0.000000] BIOS-e820: [mem 0x00000000000f0000-0x00000000000fffff] reserved
[    0.000000] BIOS-e820: [mem 0x0000000000100000-0x000000003ffeffff] usable
[    0.000000] BIOS-e820: [mem 0x000000003fff0000-0x000000003fffffff] ACPI data
[    0.000000] BIOS-e820: [mem 0x00000000fec00000-0x00000000fec00fff] reserved
[    0.000000] BIOS-e820: [mem 0x00000000fee00000-0x00000000fee00fff] reserved
[    0.000000] BIOS-e820: [mem 0x00000000fffc0000-0x00000000ffffffff] reserved
[    0.000000] NX (Execute Disable) protection: active
[    0.000000] SMBIOS 2.5 present.
[    0.000000] Hypervisor detected: KVM
[    0.000000] e820: last_pfn = 0x3fff0 max_arch_pfn = 0x400000000
[    0.000000] MTRR: Disabled
[    0.000000] x86/PAT: MTRRs disabled, skipping PAT initialization too.
[    0.000000] CPU MTRRs all blank - virtualized system.
[    0.000000] x86/PAT: Configuration [0-7]: WB  WT  UC- UC  WB  WT  UC- UC  
[    0.000000] found SMP MP-table at [mem 0x0009fff0-0x0009ffff] mapped at [ffff88000009fff0]
[    0.000000] Scanning 1 areas for low memory corruption
[    0.000000] RAMDISK: [mem 0x362fa000-0x37174fff]
[    0.000000] ACPI: Early table checksum verification disabled
[    0.000000] ACPI: RSDP 0x0000000000E0000 000024 (v02 VBOX  )
[    0.000000] ACPI: XSDT 0x000000003FFF0030 00003C (v01 VBOX   VBOXXSDT 00000001 ASL  00000061)
[    0.000000] ACPI: FACP 0x000000003FFF00F0 0000F4 (v04 VBOX   VBOXFACP 00000001 ASL  00000061)
[    0.000000] ACPI: DSDT 0x000000003FFF0470 0021FF (v02 VBOX   VBOXBIOS 00000002 INTL 20160831)
[    0.000000] ACPI: FACS 0x000000003FFF0200 000040
[    0.000000] ACPI: FACS 0x000000003FFF0200 000040
[    0.000000] ACPI: APIC 0x000000003FFF0240 00005C (v02 VBOX   VBOXAPIC 00000001 ASL  00000061)
[    0.000000] ACPI: SSDT 0x000000003FFF02A0 0001CC (v01 VBOX   VBOXCPUT 00000002 INTL 20160831)
[    0.000000] No NUMA configuration found
[    0.000000] Faking a node at [mem 0x0000000000000000-0x000000003ffeffff]
[    0.000000] NODE_DATA(0) allocated [mem 0x3ffeb000-0x3ffeffff]
[    0.000000] kvm-clock: Using msrs 4b564d01 and 4b564d00
[    0.000000] kvm-clock: cpu 0, msr 0:3ffe3001, primary cpu clock
[    0.000000] kvm-clock: using sched offset of 3471940252 cycles
[    0.000000] clocksource: kvm-clock: mask: 0xffffffffffffffff max_cycles: 0x1cd42e4dffb, max_idle_ns: 881590591483 ns
[    0.000000] Zone ranges:
[    0.000000]   DMA      [mem 0x0000000000001000-0x0000000000ffffff]
[    0.000000]   DMA32    [mem 0x0000000001000000-0x000000003ffeffff]
[    0.000000]   Normal   empty
[    0.000000]   Device   empty
[    0.000000] Movable zone start for each node
[    0.000000] Early memory node ranges
[    0.000000]   node   0: [mem 0x0000000000001000-0x000000000009efff]
[    0.000000]   node   0: [mem 0x0000000000100000-0x000000003ffeffff]
[    0.000000] Initmem setup node 0 [mem 0x0000000000001000-0x000000003ffeffff]
[    0.000000] ACPI: PM-Timer IO Port: 0x4008
[    0.000000] IOAPIC[0]: apic_id 2, version 32, address 0xfec00000, GSI 0-23
[    0.000000] ACPI: INT_SRC_OVR (bus 0 bus_irq 0 global_irq 2 dfl dfl)
[    0.000000] ACPI: INT_SRC_OVR (bus 0 bus_irq 9 global_irq 9 low level)
[    0.000000] Using ACPI (MADT) for SMP configuration information
[    0.000000] smpboot: Allowing 2 CPUs, 0 hotplug CPUs
[    0.000000] PM: Registered nosave memory: [mem 0x00000000-0x00000fff]
[    0.000000] PM: Registered nosave memory: [mem 0x0009f000-0x0009ffff]
[    0.000000] PM: Registered nosave memory: [mem 0x000a0000-0x000effff]
[    0.000000] PM: Registered nosave memory: [mem 0x000f0000-0x000fffff]
[    0.000000] e820: [mem 0x40000000-0xfebfffff] available for PCI devices
[    0.000000] Booting paravirtualized kernel on KVM
[    0.000000] clocksource: refined-jiffies: mask: 0xffffffff max_cycles: 0xffffffff, max_idle_ns: 7645519600211568 ns
[    0.000000] setup_percpu: NR_CPUS:512 nr_cpumask_bits:512 nr_cpu_ids:2 nr_node_ids:1
[    0.000000] PERCPU: Embedded 34 pages/cpu @ffff88003fc00000 s99480 r8192 d31592 u1048576
[    0.000000] Built 1 zonelists in Node order, mobility grouping on.  Total pages: 257912
[    0.000000] Policy zone: DMA32
[    0.000000] Kernel command line: BOOT_IMAGE=/boot/vmlinuz-4.4.0-143-generic root=LABEL=cloudimg-rootfs ro console=tty1 console=ttyS0
[    0.000000] PID hash table entries: 4096 (order: 3, 32768 bytes)
[    0.000000] Memory: 997704K/1048120K available (8608K kernel code, 1332K rwdata, 4008K rodata, 1484K init, 1316K bss, 50416K reserved, 0K cma-reserved)
[    0.000000] SLUB: HWalign=64, Order=0-3, MinObjects=0, CPUs=2, Nodes=1
[    0.000000] Kernel/User page tables isolation: enabled
[    0.000000] Hierarchical RCU implementation.
[    0.000000] 	Build-time adjustment of leaf fanout to 64.
[    0.000000] 	RCU restricting CPUs from NR_CPUS=512 to nr_cpu_ids=2.
[    0.000000] RCU: Adjusting geometry for rcu_fanout_leaf=64, nr_cpu_ids=2
[    0.000000] NR_IRQS:33024 nr_irqs:440 16
[    0.000000] Console: colour VGA+ 80x25
[    0.000000] console [tty1] enabled
[    0.000000] console [ttyS0] enabled
[    0.000000] tsc: Detected 2195.012 MHz processor
[    0.442206] Calibrating delay loop (skipped) preset value.. 4390.02 BogoMIPS (lpj=8780048)
[    0.443885] pid_max: default: 32768 minimum: 301
[    0.444811] ACPI: Core revision 20150930
[    0.446702] ACPI: 2 ACPI AML tables successfully acquired and loaded
[    0.448110] Security Framework initialized
[    0.448998] Yama: becoming mindful.
[    0.449847] AppArmor: AppArmor initialized
[    0.450754] Dentry cache hash table entries: 131072 (order: 8, 1048576 bytes)
[    0.452799] Inode-cache hash table entries: 65536 (order: 7, 524288 bytes)
[    0.454152] Mount-cache hash table entries: 2048 (order: 2, 16384 bytes)
[    0.455406] Mountpoint-cache hash table entries: 2048 (order: 2, 16384 bytes)
[    0.456903] Initializing cgroup subsys o
[    0.478418] Initializing cgroup subsys memory
[    0.482543] Initializing cgroup subsys devices
[    0.483486] Initializing cgroup subsys freezer
[    0.484426] Initializing cgroup subsys net_cls
[    0.485484] Initializing cgroup subsys perf_event
[    0.486676] Initializing cgroup subsys net_prio
[    0.490122] Initializing cgroup subsys hugetlb
[    0.507001] Initializing cgroup subsys pids
[    0.510681] mce: CPU supports 0 MCE banks
[    0.511619] Last level iTLB entries: 4KB 512, 2MB 8, 4MB 8
[    0.516988] Last level dTLB entries: 4KB 512, 2MB 32, 4MB 32, 1GB 0
[    0.518240] Spectre V2 : Mitigation: Full generic retpoline
[    0.519547] Spectre V2 : Spectre v2 / SpectreRSB mitigation: Filling RSB on context switch
[    0.521725] Speculative Store Bypass: Vulnerable
[    0.531152] Freeing SMP alternatives memory: 32K
[    0.552010] ftrace: allocating 32278 entries in 127 pages
[    0.631025] smpboot: APIC(0) Converting physical 0 to logical package 0
[    0.653662] smpboot: Max logical packages: 1
[    0.669240] x2apic enabled
[    0.677366] Switched APIC routing to physical x2apic.
[    0.681004] ..TIMER: vector=0x30 apic1=0 pin1=2 apic2=-1 pin2=-1
[    0.789319] smpboot: CPU0: Intel(R) Core(TM) i7-2670QM CPU @ 2.20GHz (family: 0x6, model: 0x2a, stepping: 0x7)
[    0.797083] Performance Events: unsupported p6 CPU model 42 no PMU driver, software events only.
[    0.810432] KVM setup paravirtual spinlock
[    0.812684] x86: Booting SMP configuration:
[    0.813799] .... node  #0, CPUs:      #1
[    0.814900] kvm-clock: cpu 1, msr 0:3ffe3041, secondary cpu clock
[    0.815808] mce: CPU supports 0 MCE banks
[    0.818448] x86: Booted up 1 node, 2 CPUs
[    0.819695] smpboot: Total of 2 processors activated (8780.04 BogoMIPS)
[    0.832843] devtmpfs: initialized
[    0.835878] evm: security.selinux
[    0.836660] evm: security.SMACK64
[    0.837498] evm: security.SMACK64EXEC
[    0.838405] evm: security.SMACK64TRANSMUTE
[    0.839343] evm: security.SMACK64MMAP
[    0.840182] evm: security.ima
[    0.840916] evm: security.capability
[    0.842044] clocksource: jiffies: mask: 0xffffffff max_cycles: 0xffffffff, max_idle_ns: 7645041785100000 ns
[    0.844031] futex hash table entries: 512 (order: 3, 32768 bytes)
[    0.845397] pinctrl core: initialized pinctrl subsystem
[    0.846825] RTC time:  1:38:40, date: 04/15/19
[    0.847941] NET: Registered protocol family 16
[    0.857878] cpuidle: using governor ladder
[    0.877971] cpuidle: using governor menu
[    0.898095] PCCT header not found.
[    0.899068] ACPI: bus type PCI registered
[    0.899964] acpiphp: ACPI Hot Plug PCI Controller Driver version: 0.5
[    0.901488] PCI: Using configuration type 1 for base access
[    0.914942] ACPI: Added _OSI(Module Device)
[    0.947761] ACPI: Added _OSI(Processor Device)
[    0.948689] ACPI: Added _OSI(3.0 _SCP Extensions)
[    0.949703] ACPI: Added _OSI(Processor Aggregator Device)
[    0.951616] ACPI: Executed 1 blocks of module-level executable AML code
[    0.955127] ACPI: Interpreter enabled
[    0.956006] ACPI: (supports S0 S5)
[    0.956804] ACPI: Using IOAPIC for interrupt routing
[    0.958021] PCI: Using host bridge windows from ACPI; if necessary, use "pci=nocrs" and report a bug
[    0.964066] ACPI: PCI Root Bridge [PCI0] (domain 0000 [bus 00-ff])
[    0.965328] acpi PNP0A03:00: _OSC: OS supports [ASPM ClockPM Segments MSI]
[    0.971991] acpi PNP0A03:00: _OSC: not requesting OS control; OS requires [ExtendedConfig ASPM ClockPM MSI]
[    0.974171] acpi PNP0A03:00: fail to add MMCONFIG information, can't access extended PCI configuration space under this bridge.
[    0.977030] PCI host bridge to bus 0000:00
[    0.977964] pci_bus 0000:00: root bus resource [io  0x0000-0x0cf7 window]
[    0.979267] pci_bus 0000:00: root bus resource [io  0x0d00-0xffff window]
[    0.980568] pci_bus 0000:00: root bus resource [mem 0x000a0000-0x000bffff window]
[    1.008414] pci_bus 0000:00: root bus resource [mem 0x40000000-0xfdffffff window]
[    1.010160] pci_bus 0000:00: root bus resource [bus 00-ff]
[    1.013281] pci 0000:00:01.1: legacy IDE quirk: reg 0x10: [io  0x01f0-0x01f7]
[    1.058205] pci 0000:00:01.1: legacy IDE quirk: reg 0x14: [io  0x03f6]
[    1.059502] pci 0000:00:01.1: legacy IDE quirk: reg 0x18: [io  0x0170-0x0177]
[    1.061062] pci 0000:00:01.1: legacy IDE quirk: reg 0x1c: [io  0x0376]
[    1.100030] pci 0000:00:07.0: quirk: [io  0x4000-0x403f] claimed by PIIX4 ACPI
[    1.126185] pci 0000:00:07.0: quirk: [io  0x4100-0x410f] claimed by PIIX4 SMB
[    1.180880] ACPI: PCI Interrupt Link [LNKA] (IRQs 5 9 10 *11)
[    1.189843] ACPI: PCI Interrupt Link [LNKB] (IRQs 5 9 *10 11)
[    1.192102] ACPI: PCI Interrupt Link [LNKC] (IRQs 5 *9 10 11)
[    1.193955] ACPI: PCI Interrupt Link [LNKD] (IRQs 5 9 10 *11)
[    1.195671] ACPI: Enabled 2 GPEs in block 00 to 07
[    1.197271] vgaarb: setting as boot device: PCI:0000:00:02.0
[    1.208998] vgaarb: device added: PCI:0000:00:02.0,decodes=io+mem,owns=io+mem,locks=none
[    1.210697] vgaarb: loaded
[    1.211441] vgaarb: bridge control possible 0000:00:02.0
[    1.241257] SCSI subsystem initialized
[    1.249060] ACPI: bus type USB registered
[    1.250043] usbcore: registered new interface driver usbfs
[    1.251130] usbcore: registered new interface driver hub
[    1.252231] usbcore: registered new device driver usb
[    1.254229] PCI: Using ACPI for IRQ routing
[    1.255521] NetLabel: Initializing
[    1.256301] NetLabel:  domain hash size = 128
[    1.257237] NetLabel:  protocols = UNLABELED CIPSOv4
[    1.295911] NetLabel:  unlabeled traffic allowed by default
[    1.297311] amd_nb: Cannot enumerate AMD northbridges
[    1.298469] clocksource: Switched to clocksource kvm-clock
[    1.307107] AppArmor: AppArmor Filesystem Enabled
[    1.387683] pnp: PnP ACPI init
[  18976] pnp: PnP ACPI: found 3 devices
[   1.7983] clocksource: acpi_pm: mask: ffffaxycs:0xffffff, max_idle_ns: 2085701024 ns
[    1.967038] NET: Registered protocol family 2
[    1.968194] TCP established hash table entries: 8192 (order: 4, 65536 bytes)
[    1.969560] TCP bind hash table entries: 8192 (order: 5, 131072 bytes)
[    1.970818] TCP: Hash tables configured (established 8192 bind 8192)
[    2.026598] UDP hash table entries: 512 (order: 2, 16384 bytes)
[    2.027694] UDP-Lite hash table entries: 512 (order: 2, 16384 bytes)
[    2.028942] NET: Registered protocol family 1
[    2.029813] pci 0000:00:00.0: Limiting direct PCI/PCI transfers
[    2.030917] pci 0000:00:01.0: Activating ISA DMA hang workarounds
[    2.032277] Unpacking initramfs...
[    2.291985] Freeing initrd memory: 14828K
[    2.526450] RAPL PMU detected, API unit is 2^-32 Joules, 3 fixed counters 10737418240 ms ovfl timer
[    2.557975] hw unit of domain pp0-core 2^-0 Joules
[    2.559054] hw unit of domain package 2^-0 Joules
[    2.560035] hw unit of domain pp1-gpu 2^-0 Joules
[    2.561103] platform rtc_cmos: registered platform RTC device (no PNP device found)
[    2.704477] Scanning for low memory corruption every 60 seconds
[    2.776985] audit: initializing netlink subsys (disabled)
[    3.046547] audit: type=2000 audit(1555292326.862:1): initialized
[    3.048048] Initialise system trusted keyring
[    3.049236] HugeTLB registered 2 MB page size, pre-allocated 0 pages
[    3.052030] zbud: loaded
[    3.053088] VFS: Disk quotas dquot_6.6.0
[    3.053977] VFS: Dquot-cache hash table entries: 512 (order 0, 4096 bytes)
[    3.055552] squashfs: version 4.0 (2009/01/31) Phillip Lougher
[    3.057454] fuse init (API version 7.23)
[    3.077457] Key type big_key registered
[    3.078338] Allocating IMA MOK and blacklist keyrings.
[    3.128655] Key type asymmetric registered
[    3.129768] Asymmetric key parser 'x509' registered
[    3.130951] Block layer SCSI generic (bsg) driver version 0.4 loaded (major 249)
[    3.132875] io scheduler noop registered
[    3.133845] io scheduler deadline registered (default)
[    3.135059] io scheduler cfq registered
[    3.136195] pci_hotplug: PCI Hot Plug PCI Core version: 0.5
[    3.137425] pciehp: PCI Express Hot Plug Controller Driver version: 0.4
[    3.179197] ACPI: AC Adapter [AC] (on-line)
[    3.180186] input: Power Button as /devices/LNXSYSTM:00/LNXPWRBN:00/input/input0
[    3.181742] ACPI: Power Button [PWRF]
[    3.182670] input: Sleep Button as /devices/LNXSYSTM:00/LNXSLPBN:00/input/input1
[    3.184157] ACPI: Sleep Button [SLPF]
[    3.185233] GHES: HEST is not enabled!
[    3.187563] Serial: 8250/16550 driver, 32 ports, IRQ sharing enabled
[    3.187811] ACPI: Battery Slot [BAT0] (battery present)
[    3.240455] 00:02: ttyS0 at I/O 0x3f8 (irq = 4, base_baud = 115200) is a 16550A
[    3.497935] Linux agpgart interface v0.103
[    3.550207] loop: module loaded
[    3.552099] scsi host0: ata_piix
[    3.553269] scsi host1: ata_piix
[    3.554131] ata1: PATA max UDMA/33 cmd 0x1f0 ctl 0x3f6 bmdma 0xd000 irq 14
[    3.555472] ata2: PATA max UDMA/33 cmd 0x170 ctl 0x376 bmdma 0xd008 irq 15
[    3.556899] libphy: Fixed MDIO Bus: probed
[    3.619053] tsc: Refined TSC clocksource calibration: 2195.876 MHz
[    3.742248] clocksource: tsc: mask: 0xffffffffffffffff max_cycles: 0x1fa6fb1bac0, max_idle_ns: 440795224318 ns
[    3.742286] tun: Universal TUN/TAP device driver, 1.6
[    3.742287] tun: (C) 1999-2004 Max Krasnyansky <maxk@qualcomm.com>
[    3.742436] PPP generic driver version 2.4.2
[    3.742876] ehci_hcd: USB 2.0 'Enhanced' Host Controller (EHCI) Driver
[    3.742893] ehci-pci: EHCI PCI platform driver
[    3.742931] ehci-platform: EHCI generic platform driver
[    3.742953] ohci_hcd: USB 1.1 'Open' Host Controller (OHCI) Driver
[    3.742962] ohci-pci: OHCI PCI platform driver
[    3.742989] ohci-platform: OHCI generic platform driver
[    3.743009] uhci_hcd: USB Universal Host Controller Interface driver
[    3.743161] i8042: PNP: PS/2 Controller [PNP0303:PS2K,PNP0f03:PS2M] at 0x60,0x64 irq 1,12
[    3.744056] serio: i8042 KBD port at 0x60,0x64 irq 1
[    3.744068] serio: i8042 AUX port at 0x60,0x64 irq 12
[    3.744353] mousedev: PS/2 mouse device common for all mice
[    3.744956] input: AT Translated Set 2 keyboard as /devices/platform/i8042/serio0/input/input2
[    3.745751] rtc_cmos rtc_cmos: rtc core: registered rtc_cmos as rtc0
[    3.745883] rtc_cmos rtc_cmos: alarms up to one day, 114 bytes nvram
[    3.745903] i2c /dev entries driver
[    3.746052] device-mapper: uevent: version 1.0.3
[    3.746209] device-mapper: ioctl: 4.34.0-ioctl (2015-10-28) initialised: dm-devel@redhat.com
[    3.746251] ledtrig-cpu: registered to indicate activity on CPUs
[    3.746979] NET: Registered protocol family 10
[    3.747322] NET: Registered protocol family 17
[    3.747346] Key type dns_resolver registered
[    3.747949] registered taskstats version 1
[    3.747977] Loading compiled-in X.509 certificates
[    3.749767] Loaded X.509 cert 'Build time autogenerated kernel key: d03773f65dd2b75b701d4dd50cb1e8d0c07b3b6e'
[    3.749810] zswap: loaded using pool lzo/zbud
[    3.754006] Key type trusted registered
[    3.761876] Key type encrypted registered
[    3.761886] AppArmor: AppArmor sha1 policy hashing enabled
[    3.761893] ima: No TPM chip found, activating TPM-bypass!
[    3.761903] ima: Allocated hash algorithm: sha1
[    3.761936] evm: HMAC attrs: 0x1
[    3.762549]   Magic number: 15:796:609
[    3.762617] node node0: hash matches
[    3.763723] rtc_cmos rtc_cmos: setting system clock to 2019-04-15 01:38:43 UTC (1555292323)
[    3.763997] BIOS EDD facility v0.16 2004-Jun-25, 0 devices found
[    3.763997] EDD information not available.
[    4.849656] Freeing unused kernel memory: 1484K
[    4.896141] Write protecting the kernel read-only data: 14336k
[    5.122546] Freeing unused kernel memory: 1620K
[    5.126958] Freeing unused kernel memory: 88K
Loading, please wait...
starting version[    5.154010] random: systemd-udevd: uninitialized urandom read (16 bytes read, 3 bits of entropy available)
 229
[    5.154976] random: udevadm: uninitialized urandom read (16 bytes read, 3 bits of entropy available)
[    5.155016] random: udevadm: uninitialized urandom read (16 bytes read, 3 bits of entropy available)
[    5.173565] random: udevadm: uninitialized urandom read (16 bytes read, 3 bits of entropy available)
[    5.173635] random: udevadm: uninitialized urandom read (16 bytes read, 3 bits of entropy available)
[    5.173881] random: udevadm: uninitialized urandom read (16 bytes read, 3 bits of entropy available)
[    5.173977] random: udevadm: uninitialized urandom read (16 bytes read, 3 bits of entropy available)
[    5.174071] random: udevadm: uninitialized urandom read (16 bytes read, 3 bits of entropy available)
[    5.174168] random: udevadm: uninitialized urandom read (16 bytes read, 3 bits of entropy available)
[    5.174263] random: udevadm: uninitialized urandom read (16 bytes read, 3 bits of entropy available)
[    5.317623] e1000: Intel(R) PRO/1000 Network Driver - version 7.3.21-k8-NAPI
[    5.321100] e1000: Copyright (c) 1999-2006 Intel Corporation.
[    5.325881] Fusion MPT base driver 3.04.20
[    5.326877] Copyright (c) 1999-2008 LSI Corporation
[    5.334335] Fusion MPT SPI Host driver 3.04.20
[    5.359334] AVX version of gcm_enc/dec engaged.
[    5.369971] AES CTR mode by8 optimization enabled
[    5.538207] input: ImExPS/2 Generic Explorer Mouse as /devices/platform/i8042/serio1/input/input4
[    5.760879] e1000 0000:00:08.0 eth0: (PCI:33MHz:32-bit) 08:00:27:8b:be:f3
[    5.767527] e1000 0000:00:08.0 eth0: Intel(R) PRO/1000 Network Connection
[    6.446886] e1000 0000:00:09.0 eth1: (PCI:33MHz:32-bit) 08:00:27:ca:b1:c9
[    6.503501] e1000 0000:00:09.0 eth1: Intel(R) PRO/1000 Network Connection
[    7.152477] e1000 0000:00:0a.0 eth2: (PCI:33MHz:32-bit) 08:00:27:b2:64:7f
[    7.167664] e1000 0000:00:0a.0 eth2: Intel(R) PRO/1000 Network Connection
[    7.171165] mptbase: ioc0: Initiating bringup
[    7.218261] e1000 0000:00:08.0 enp0s8: renamed from eth0
[    7.230946] e1000 0000:00:09.0 enp0s9: renamed from eth1
[    7.246460] e1000 0000:00:0a.0 enp0s10: renamed from eth2
[    7.282858] ioc0: LSI53C1030 A0: Capabilities={Initiator}
[    8.291003] scsi host2: ioc0: LSI53C1030 A0, FwRev=00000000h, Ports=1, MaxQ=256, IRQ=20
[    8.520421] scsi 2:0:0:0: Direct-Access     VBOX     HARDDISK         1.0  PQ: 0 ANSI: 5
[    8.537079] scsi target2:0:0: Beginning Domain Validation
[    8.628473] scsi target2:0:0: Domain Validation skipping write tests
[    8.629761] scsi target2:0:0: Ending Domain Validation
[    8.630897] scsi target2:0:0: asynchronous
[    8.632415] scsi 2:0:1:0: Direct-Access     VBOX     HARDDISK         1.0  PQ: 0 ANSI: 5
[    8.634163] scsi target2:0:1: Beginning Domain Validation
[    8.636184] scsi target2:0:1: Domain Validation skipping write tests
[    8.637428] scsi target2:0:1: Ending Domain Validation
[    8.638538] scsi target2:0:1: asynchronous
[    8.645628] sd 2:0:0:0: Attached scsi generic sg0 type 0
[    8.657771] sd 2:0:0:0: [sda] 20971520 512-byte logical blocks: (10.7 GB/10.0 GiB)
[    8.660507] sd 2:0:0:0: [sda] Write Protect is off
[    8.673581] sd 2:0:0:0: [sda] Incomplete mode parameter data
[    8.673928] sd 2:0:1:0: [sdb] 20480 512-byte logical blocks: (10.5 MB/10.0 MiB)
[    8.674014] sd 2:0:1:0: Attached scsi generic sg1 type 0
[    8.688677] sd 2:0:0:0: [sda] Assuming drive cache: write through
[    8.690566] sd 2:0:1:0: [sdb] Write Protect is off
[    8.692239] sd 2:0:1:0: [sdb] Incomplete mode parameter data
[    8.693428]  sda: sda1
[    8.696136] sd 2:0:0:0: [sda] Attached SCSI disk
[    9.076301] sd 2:0:1:0: [sdb] Assuming drive cache: write through
[    9.093888] sd 2:0:1:0: [sdb] Attached SCSI disk
Begin: Loading e[   10.554649] md: linear personality registered for level -1
ssential drivers ... [   10.567090] md: multipath personality registered for level -4
[   10.576587] md: raid0 personality registered for level 0
[   10.582693] md: raid1 personality registered for level 1
[   10.654545] raid6: sse2x1   gen()  7098 MB/s
[   10.806500] raid6: sse2x1   xor()  5787 MB/s
[   10.894134] raid6: sse2x2   gen()  9681 MB/s
[   10.974513] raid6: sse2x2   xor()  6433 MB/s
[   11.050495] raid6: sse2x4   gen() 10801 MB/s
[   11.170536] raid6: sse2x4   xor()  5971 MB/s
[   11.255153] raid6: using algorithm sse2x4 gen() 10801 MB/s
[   11.291165] raid6: .... xor() 5971 MB/s, rmw enabled
[   11.292126] raid6: using ssse3x2 recovery algorithm
[   11.295307] xor: automatically using best checksumming function:
[   11.342830]    avx       : 42269.000 MB/sec
[   11.379489] async_tx: api initialized (async)
[   11.418998] md: raid6 personality registered for level 6
[   11.442370] md: raid5 personality registered for level 5
[   11.443466] md: raid4 personality registered for level 4
[   11.454060] md: raid10 personality registered for level 10
done.
Begin: Running /scripts/init-premount ... done.
Begin: Mounting root file system ... Begin: Running /scripts/local-top ... done.
Begin: Running /scripts/local-premount ... [   11.507425] Btrfs loaded
Scanning for Btrfs filesystems
done.
Warning: fsck not present, so skipping root file system
[   11.567304] EXT4-fs (sda1): mounted filesystem with ordered data mode. Opts: (null)
done.
Begin: Running /scripts/local-bottom ... done.
Begin: Running /scripts/init-bottom ... done.
[   11.801167] systemd[1]: systemd 229 running in system mode. (+PAM +AUDIT +SELINUX +IMA +APPARMOR +SMACK +SYSVINIT +UTMP +LIBCRYPTSETUP +GCRYPT +GNUTLS +ACL +XZ -LZ4 +SECCOMP +BLKID +ELFUTILS +KMOD -IDN)
[   11.957295] systemd[1]: Detected virtualization oracle.
[   11.958296] systemd[1]: Detected architecture x86-64.

Welcome to [1mUbuntu 16.04.6 LTS[0m!

[   12.133198] systemd[1]: Set hostname to <gw02>.
[  1759419] systemd[1]: Started Trigger resolvconf update for networkd DNS.
[[0;32m  OK  [0m] Started Trigger resolvconf update for networkd DNS.
[   12.878464] systemd[1]: Listening on udev Kernel Socket.
[[0;32m  OK  [0m] Listening on udev Kernel Socket.
[ 12813] systemd[1]: Listening on LVM2 poll daemon socket.
[[0;32m  OK  [0m] Listening on LVM2 poll daemon socket.
[   13.111513] systemd[1]: Created slice User and Session Slice.
[[0;32m  OK  [0m] Created slice User and Session Slice.
[ 133657 ste[1 Lstening on Device-mapper event daemon FIFOs.
[[0;32m  OK  [0m] Listening on Device-mapper event daemon FIFOs.
[   13.499817] systemd[1]: Created slice System Slice.
[[0;32m  OK  [0m] Created slice System Slice.
[ 135205]ysemd[1]: Created slice system-serial\x2dgetty.slice.
[[0;32m  OK  [0m] Created slice system-serial\x2dgetty.slice.
[   13.803117] systemd[1]: Listening on Syslog Socket.
[[0;32m  OK  [0m] Listening on Syslog Socket.
[   13.824936] systemd[1]: Listening on Journal Socket.
[[0;32m  OK  [0m] Listening on Journal Socket.
[   13.843180] systemd[1]: Starting Nameserver information manager...
         Starting Nameserver information manager...
[   13.974249] systemd[1]: Starting Remount Root and Kernel File Systems...
         Starting Remount Root and Kernel File Systems...[   13.983642] EXT4-fs (sda1): re-mounted. Opts: (null)

[   14.026807] systemd[1]: Listening on /dev/initctl Compatibility Named Pipe.
[[0;32m  OK  [0m] Listening on /dev/initctl Compatibility Named Pipe.
[   14.095070] systemd[1]: Starting Set console keymap...
         Starting Set console keymap...
[   14.102408] systemd[1]: Mounting Debug File System...
         Mounting Debug File System...
[   14.107084] systemd[1]: Mounting POSIX Message Queue File System...
         Mounting POSIX Message Queue File System...
[   14.111931] systemd[1]: Listening on udev Control Socket.
[[0;32m  OK  [0m] Listening on udev Control Socket.
[   14.115245] systemd[1]: Reached target Slices.
[[0;32m  OK  [0m] Reached target Slices.
[   14.166946] systemd[1]: Starting Load Kernel Modules...
         Starting Load Ke[   14.286873] Loading iSCSI transport class v2.0-870.
rnel Modules...[   14.356151] random: nonblocking pool is initialized

[   14.387189] systemd[1]: Reached target User and Group Name Lookups.
[[0;32m  OK  [0m] Reached target User and Group Name Lookups.
[   14.410460] systemd[1]: Listening on Journal Audit Socket.
[[0;32m  OK  [0m] Listening on Journal Audit Socket.
[   14.413751] systemd[1]: Listening on LVM2 metadata daemon socket.
[[0;32m  OK  [0m] Listening on LVM[   14.420592] iscsi: registered transport (tcp)
2 metadata daemon socket.
[   14.487000] systemd[1]: Starting Monitoring of LVM2 mirrors, snapshots etc. using dmeventd or progress polling...
         Starting Monitoring of LVM2 mirrors... dmeventd or progress polling...
[   14.527215] systemd[1]: Listening on Journal Socket (/dev/log).
[   14.528466] iscsi: registered transport (iser)
[[0;32m  OK  [0m] Listening on Journal Socket (/dev/log).
[   14.552364] systemd[1]: Starting Journal Service...
         Starting Journal Service...
[   14.557044] systemd[1]: Starting Uncomplicated firewall...
         Starting Uncomplicated firewall...
[   14.561227] systemd[1]: Reached target System Time Synchronized.
[[0;32m  OK  [0m] Reached target System Time Synchronized.
[   14.567353] systemd[1]: Reached target Swap.
[[0;32m  OK  [0m] Reached target Swap.
[   14.570497] systemd[1]: Reached target Encrypted Volumes.
[[0;32m  OK  [0m] Reached target Encrypted Volumes.
[   14.574767] systemd[1]: Set up automount Arbitrary Executable File Formats File System Automount Point.
[[0;32m  OK  [0m] Set up automount Arbitrary Executab...ats File System Automount Point.
[   14.585617] systemd[1]: Mounting Huge Pages File System...
         Mounting Huge Pages File System...
[   14.598505] systemd[1]: Starting Create list of required static device nodes for the current kernel...
         Starting Create list of required st... nodes for the current kernel...
[   14.603947] systemd[1]: Started Forward Password Requests to Wall Directory Watch.
[[0;32m  OK  [0m] Started Forward Password Requests to Wall Directory Watch.
[   14.614228] systemd[1]: Mounted POSIX Message Queue File System.
[[0;32m  OK  [0m] Mounted POSIX Message Queue File System.
[   14.652874] systemd[1]: Mounted Debug File System.
[[0;32m  OK  [0m] Mounted Debug File System.
[   14.655418] systemd[1]: Mounted Huge Pages File System.
[[0;32m  OK  [0m] Mounted Huge Pages File System.
[   14.658982] systemd[1]: Started Journal Service.
[[0;32m  OK  [0m] Started Journal Service.
[[0;32m  OK  [0m] Started Remount Root and Kernel File Systems.
[[0;32m  OK  [0m] Started Set console keymap.
[[0;32m  OK  [0m] Started Load Kernel Modules.
[[0;32m  OK  [0m] Started Uncomplicated firewall.
[[0;32m  OK  [0m] Started Create list of required sta...ce nodes for the current kernel.
[[0;32m  OK  [0m] Started Nameserver information manager.
[[0;32m  OK  [0m] Started LVM2 metadata daemon.
         Starting Create Static Device Nodes in /dev...
         Starting Apply Kernel Variables...
         Mounting FUSE Control File System...
         Starting udev Coldplug all Devices...
         Starting Load/Save Random Seed...
         Starting Flush Journal to Persistent Storage...
[[0;32m  OK  [0m] Mounted FUSE Control File System.
[[0;32m  OK  [0m] Started Create Static Device Nodes in /dev.
[[0;32m  OK  [0m] Started Apply Kernel Variables.
[[0;32m  OK  [0m] Started Load/Save Random Seed.
         Starting udev Kernel Device Manager...
[[0;32m  OK  [0m] Started Flush Journal to Persistent Storage.
[[0;32m  OK  [0m] Started udev Coldplug all Devices.
[[0;32m  OK  [0m] Started udev Kernel Device Manager.
[[0;32m  OK  [0m] Started Dispatch Password Requests to Console Directory Watch.
[[0;32m  OK  [0m] Found device /dev/ttyS0.
[[0;32m  OK  [0m] Listening on Load/Save RF Kill Switch Status /dev/rfkill Watch.
[[0;32m  OK  [0m] Started Monitoring of LVM2 mirrors,...ng dmeventd or progress polling.
[[0;32m  OK  [0m] Reached target Local File Systems (Pre).
[[0;32m  OK  [0m] Reached target Local File Systems.
         Starting LSB: AppArmor initialization...
         Starting Create Volatile Files and Directories...
         Starting Tell Plymouth To Write Out Runtime Data...
         Starting Set console font and keymap...
         Starting Initial cloud-init job (pre-networking)...
[[0;32m  OK  [0m] Started Create Volatile Files and Directories.
[[0;32m  OK  [0m] Started Tell Plymouth To Write Out Runtime Data.
[[0;32m  OK  [0m] Found device 82540EM Gigabit Ethern...r (PRO/1000 MT Desktop Adapter).
[[0;32m  OK  [0m] Found device 82540EM Gigabit Ethern...r (PRO/1000 MT Desktop Adapter).
[[0;32m  OK  [0m] Found device 82540EM Gigabit Ethern...r (PRO/1000 MT Desktop Adapter).
         Starting Update UTMP about System Boot/Shutdown...
[[0;32m  OK  [0m] Started Update UTMP about System Boot/Shutdown.
[[0;32m  OK  [0m] Started Set console font and keymap.
[[0;32m  OK  [0m] Started LSB: AppArmor initialization.
[[0;32m  OK  [0m] Created slice system-getty.slice.
[   16.551893] cloud-init[705]: Cloud-init v. 18.5-45-g3554ffe8-0ubuntu1~16.04.1 running 'init-local' at Mon, 15 Apr 2019 01:38:56 +0000. Up 16.15 seconds.
[[0;32m  OK  [0m] Started Initial cloud-init job (pre-networking).
[[0;32m  OK  [0m] Reached target Network (Pre).
[[0;32m  OK  [0m] Started ifup for enp0s8.
[[0;32m  OK  [0m] Started ifup for enp0s9.
[[0;32m  OK  [0m] Started ifup for enp0s10.
         Starting Raise network interfaces...
[[0;1;31mFAILED[0m] Failed to start Raise network interfaces.
See 'systemctl status networking.service' for details.
[[0;32m  OK  [0m] Reached target Network.
         Starting Initial cloud-init job (metadata service crawler)...
[   17.880686] cloud-init[1198]: Cloud-init v. 18.5-45-g3554ffe8-0ubuntu1~16.04.1 running 'init' at Mon, 15 Apr 2019 01:38:58 +0000. Up 17.47 seconds.
[   17.913144] cloud-init[1198]: ci-info: +++++++++++++++++++++++++++++++++++++++Net device info+++++++++++++++++++++++++++++++++++++++
[   17.915624] cloud-init[1198]: ci-info: +---------+------+-----------------------------+---------------+--------+-------------------+
[   17.919067] cloud-init[1198]: ci-info: |  Device |  Up  |           Address           |      Mask     | Scope  |     Hw-Address    |
[   17.922723] cloud-init[1198]: ci-info: +---------+------+-----------------------------+---------------+--------+-------------------+
[   17.926424] cloud-init[1198]: ci-info: | enp0s10 | True |         172.16.0.22         | 255.255.255.0 | global | 08:00:27:b2:64:7f |
[   17.930233] cloud-init[1198]: ci-info: | enp0s10 | True | fe80::a00:27ff:feb2:647f/64 |       .       |  link  | 08:00:27:b2:64:7f |
[   17.933907] cloud-init[1198]: ci-info: |  enp0s8 | True |        192.168.22.20        | 255.255.255.0 | global | 08:00:27:8b:be:f3 |
[[0;32m  OK  [0m] Started Initial cloud-init job (metadata service crawler).
[[0;32m  OK  [0m] Reached target Cloud-config availability.
[[0;32m  OK  [0m] Reached target Network is Online.
[   17.992780] cloud-init[1198]: ci-info: |  enp0s8 | True | fe80::a00:27ff:fe8b:bef3/64 |       .       |  link  | 08:00:27:8b:be:f3 |
[   18.196235]          Starting iSCSI initiator daemon (iscsid)...
[[0;32m  OK  [0m] Reached target System Initialization.
[[0;32m  OK  [0m] Listening on D-Bus System Message Bus Socket.
cloud-init[1198]: ci-info: |  enp0s9 | True |         172.16.0.11         | 255.255.255.0 | global | 08:00:27:ca:b1:c9 |
[   18.204876] [[0;32m  OK  [0m] Started ACPI Events Check.
[[0;32m  OK  [0m] Reached target Paths.
[[0;32m  OK  [0m] Listening on ACPID Listen Socket.
         Starting Socket activation for snappy daemon.
cloud-init[1198]: ci-info: |  enp0s9 | True | fe80::a00:27ff:feca:b1c9/64 |       .       |  link  | 08:00:27:ca:b1:c9 |
[   18.216053] cloud-init[1198]: ci-info: |    lo   | True |          127.0.0.1          |   255.0.0.0   |  host  |         .         |
[   18.222316] [[0;32m  OK  [0m] Started Daily apt download activities.
cloud-init[[0;32m  OK  [0m] Started Daily apt upgrade and clean activities.
[1198]: ci-info: |    lo   | True |           ::1/128           |       .       |  host  |         .         |
[   18.234737]          cloud-initStarting LXD - unix socket.[1198]: 
ci-info: +---------+------+-----------------------------+---------------+--------+-------------------+
[[0;32m  OK  [0m] Started Daily Cleanup of Temporary Directories.
[   18.247902] [[0;32m  OK  [0m] Reached target Timers.
[[0;32m  OK  [0m] Listening on UUID daemon activation socket.
cloud-init[1198]: ci-info: +++++++++++++++++++++++++++Route IPv4 info++++++++++++++++++++++++++++
[   18.253896] cloud-init[1198]: ci-info: +-------+--------------+---------+---------------+-----------+-------+
[   18.257966] cloud-init[1198]: ci-info: | Route | Destination  | Gateway |    Genmask    | Interface | Flags |
[   18.269492] [cloud-init[0;32m  OK  [0m[1198]: ] ci-info: +-------+--------------+---------+---------------+-----------+-------+Listening on Socket activation for snappy daemon.

[   18.270368] cloud-init[1198]: [[0;32m  OK  [0m] Listening on LXD - unix socket.
ci-info: |   0   |  172.16.0.0  | 0.0.0.0 | 255.255.255.0 |  enp0s10  |   U   |[[0;32m  OK  [0m] Started iSCSI initiator daemon (iscsid).

[   18.281506] cloud-init[1198]: ci-info: |   1   |  172.16.0.0  | 0.0.0.0 | 255.255.255.0 |   enp0s9  |   U   |
[   18.284174] cloud-init[1198]: ci-info: |   2   | 192.168.22.0 | 0.0.0.0 | 255.255.255.0 |   enp0s8  |   U   |
[   18.286627] cloud-init[1198]: ci-info: +-------+--------------+---------+---------------+-----------+-------+
[   18.288751] cloud-init[1198]: ci-info: +++++++++++++++++++Route IPv6 info+++++++++++++++++++
[   18.290935] cloud-init[1198]: ci-info: +-------+-------------+---------+-----------+-------+
[   18.292930] cloud-init[1198]: ci-info: | Route | Destination | Gateway | Interface | Flags |
[   18.294786] cloud-init[1198]: ci-info: +-------+-------------+---------+-----------+-------+
[   18.297988] cloud-init[1198]: ci-info: |   0   |  fe80::/64  |    ::   |  enp0s10  |   U   |         Starting Login to default iSCSI targets...
[[0;32m  OK  [0m] Reached target Sockets.
[[0;32m  OK  [0m] Reached target Basic System.

[   18.302450]          Starting LSB: MD monitoring daemon...
cloud-init[1198]: ci-info: |   1   |  fe80::/64  |    ::   |   enp0s9  |   U   |
[   18.304888] cloud-init[1198]: ci-info: |   2   |  fe80::/64  |    ::   |   enp0s8  |   U   |
[   18.320293] cloud-init[1198]: ci-info: |   5   |   ff00::/8  |    ::   |  enp0s10  |   U   |
[   18.320556] cloud-init[1198]: ci-info: |   6   |   ff00::/8  |    ::   |   enp0s9  |   U   |
[   18.320887] cloud-init[1198]: ci-info: |   7   |   ff00::/8  |    ::   |   enp0s8  |   U   |
[   18.321190] cloud-init[1198]: ci-info: +-------+-------------+---------+-----------+-------+
[[0;32m  OK  [0m] Started ACPI event daemon.
         Starting vboxadd.service...
         Starting Login Service...
         Starting Accounts Service...
         Starting Snappy daemon...
[[0;32m  OK  [0m] Started FUSE filesystem for LXC.
         Starting LXD - container startup/shutdown...
         Starting /etc/rc.local Compatibility...
[[0;32m  OK  [0m] Started Unattended Upgrades Shutdown.
[[0;32m  OK  [0m] Started Deferred execution scheduler.
         Starting System Logging Service...
[[0;32m  OK  [0m] Started Regular background program processing daemon.
         Starting LSB: Record successful boot for GRUB...
[[0;32m  OK  [0m] Started D-Bus System Message Bus.
         Starting OpenBSD Secure Shell server...
[[0;32m  OK  [0m] Started System Logging Service.
[[0;32m  OK  [0m] Started LXD - container startup/shutdown.
[[0;32m  OK  [0m] Started /etc/rc.local Compatibility.
[[0;32m  OK  [0m] Started OpenBSD Secure Shell server.
[[0;32m  OK  [0m] Started Snappy daemon.
[[0;32m  OK  [0m] Started vboxadd.service.
[[0;32m  OK  [0m] Started Login to default iSCSI targets.
[[0;32m  OK  [0m] Started LSB: MD monitoring daemon.
[[0;32m  OK  [0m] Started LSB: Record successful boot for GRUB.
[[0;32m  OK  [0m] Started Login Service.
         Starting Authenticate and Authorize Users to Run Privileged Tasks...
[[0;32m  OK  [0m] Reached target Remote File Systems (Pre).
[[0;32m  OK  [0m] Reached target Remote File Systems.
         Starting LSB: daemon to balance interrupts for SMP systems...
         Starting Permit User Sessions...
         Starting LSB: automatic crash report generation...
         Starting LSB: Set the CPU Frequency Scaling governor to "ondemand"...
         Starting vboxadd-service.service...
         Starting Wait until snapd is fully seeded...
[[0;32m  OK  [0m] Started Permit User Sessions.
[[0;32m  OK  [0m] Started Authenticate and Authorize Users to Run Privileged Tasks.
[[0;32m  OK  [0m] Started Accounts Service.
[[0;1;31mFAILED[0m] Failed to start vboxadd-service.service.
See 'systemctl status vboxadd-service.service' for details.
[[0;32m  OK  [0m] Started Wait until snapd is fully seeded.
[[0;32m  OK  [0m] Started LSB: Set the CPU Frequency Scaling governor to "ondemand".
[[0;32m  OK  [0m] Started LSB: daemon to balance interrupts for SMP systems.
[[0;32m  OK  [0m] Started LSB: automatic crash report generation.
         Starting Apply the settings specified in cloud-config...
         Starting Hold until boot process finishes up...
         Starting Terminate Plymouth Boot Screen...
[[0;32m  OK  [0m] Started Hold until boot process finishes up.
[[0;32m  OK  [0m] Started Terminate Plymouth Boot Screen.
         Starting Set console scheme...
[[0;32m  OK  [0m] Started Serial Getty on ttyS0.
[[0;32m  OK  [0m] Started Getty on tty1.
[[0;32m  OK  [0m] Reached target Login Prompts.
[[0;32m  OK  [0m] Reached target Multi-User System.
[[0;32m  OK  [0m] Reached target Graphical Interface.
         Starting Update UTMP about System Runlevel Changes...
[[0;32m  OK  [0m] Started Set console scheme.
[[0;32m  OK  [0m] Started Update UTMP about System Runlevel Changes.
[   19.850256] cloud-init[1467]: Cloud-init v. 18.5-45-g3554ffe8-0ubuntu1~16.04.1 running 'modules:config' at Mon, 15 Apr 2019 01:39:00 +0000. Up 19.70 seconds.
[[0;32m  OK  [0m] Started Apply the settings specified in cloud-config.
         Starting Execute cloud user/final scripts...
[   20.465218] cloud-init[1493]: Cloud-init v. 18.5-45-g3554ffe8-0ubuntu1~16.04.1 running 'modules:final' at Mon, 15 Apr 2019 01:39:00 +0000. Up 20.32 seconds.
[   20.487507] cloud-init[1493]: Cloud-init v. 18.5-45-g3554ffe8-0ubuntu1~16.04.1 finished at Mon, 15 Apr 2019 01:39:01 +0000. Datasource DataSourceNoCloud [seed=/dev/sdb][dsmode=net].  Up 20.45 seconds
[[0;32m  OK  [0m] Started Execute cloud user/final scripts.
[[0;32m  OK  [0m] Reached target Cloud-init target.

Ubuntu 16.04.6 LTS gw02 ttyS0

gw02 login: 