[    0.000000] Initializing cgroup subsys cpuset
[    0.000000] Initializing cgroup subsys cpu
[    0.000000] Initializing cgroup subsys cpuacct
[    0.000000] Linux version 4.4.0-143-generic (buildd@lgw01-amd64-041) (gcc version 5.4.0 20160609 (Ubuntu 5.4.0-6ubuntu1~16.04.10) ) #169-Ubuntu SMP Thu Feb 7 07:56:38 UTC 2019 (Ubuntu 4.4.0-143.169-generic 4.4.170)
[    0.000000] Command line: BOOT_IMAGE=/boot/vmlinuz-4.4.0-143-generic root=UUID=743b1402-d445-494c-af0b-749040bb33e4 ro console=tty1 console=ttyS0
[    0.000000] KERNEL supported cpus:
[    0.000000]   Intel GenuineIntel
[    0.000000]   AMD AuthenticAMD
[    0.000000]   Centaur CentaurHauls
[    0.000000] x86/fpu: xstate_offset[2]:  576, xstate_sizes[2]:  256
[    0.000000] x86/fpu: Supporting XSAVE feature 0x01: 'x87 floating point registers'
[    0.000000] x86/fpu: Supporting XSAVE feature 0x02: 'SSE registers'
[    0.000000] x86/fpu: Supporting XSAVE feature 0x04: 'AVX registers'
[    0.000000] x86/fpu: Enabled xstate features 0x7, context size is 832 bytes, using 'standard' format.
[    0.000000] e820: BIOS-provided physical RAM map:
[    0.000000] BIOS-e820: [mem 0x0000000000000000-0x000000000009fbff] usable[    0.000000] BIOS-e820: [mem 0x000000000009fc00-000000000009ffff] reserved
[    0.000000] BIOS-e820: [mem 0x00000000000f0000-0x00000000000fffff] reserved
[    0.000000] BIOS-e820: [mem 0x0000000000100000-0x000000003ffeffff] usable
[    0.000000] BIOS-e820: [mem 0x000000003fff0000-0x000000003fffffff] ACPI data
[    0.000000] BIOS-e820: [mem 0x00000000fec00000-0x00000000fec00fff] reserved
[    0.000000] BIOS-e820: [mem 0x00000000fee00000-0x00000000fee00fff] reserved
[    0.000000] BIOS-e820: [mem 0x00000000fffc0000-0x00000000ffffffff] reserved
[    0.000000] NX (Execute Disable) protection: active
[    0.000000] SMBIOS 2.5 present.
[    0.000000] Hypervisor detected: KVM
[    0.000000] e820: last_pfn = 0x3fff0 max_arch_pfn = 0x400000000
[    0.000000] MTRR: Disabled
[    0.000000] x86/PAT: MTRRs disabled, skipping PAT initialization too.
[    0.000000] CPU MTRRs all blank - virtualized system.
[    0.000000] x86/PAT: Configuration [0-7]: WB  WT  UC- UC  WB  WT  UC- UC  
[    0.000000] found SMP MP-table at [mem 0x0009fff0-0x0009ffff] mapped at [ffff88000009fff0]
[    0.000000] Scanning 1 areas for low memory corruption
[    0.000000] RAMDISK: [mem 0x36202000-0x370f8fff]
[    0.000000] ACPI: Early table checksum verification disabled
[    0.000000] ACPI: RSDP 0x00000000000E0000 000024 (v02 VBOX  )
[    0.000000] ACPI: XSDT 0x000000003FFF0030 00003C (v01 VBOX   VBOXXSDT 00000001 ASL  00000061)
[    0.000000] ACPI: FACP 0x000000003FFF00F0 0000F4 (v04 VBOX   VBOXFACP 00000001 ASL  00000061)
[    0.000000] ACPI: DSDT 0x000000003FFF0470 0021FF (v02 VBOX   VBOXBIOS 00000002 INTL 20160831)
[    0.000000] ACPI: FACS 0x000000003FFF0200 000040
[    0.000000] ACPI: FACS 0x000000003FFF0200 000040
[    0.000000] ACPI: APIC 0x000000003FFF0240 00005C (v02 VBOX   VBOXAPIC 00000001 ASL  00000061)
[    0.000000] ACPI: SSDT 0x000000003FFF02A0 0001CC (v01 VBOX   VBOXCPUT 00000002 INTL 20160831)
[    0.000000] No NUMA configuration found
[    0.000000] Faking a node at [mem 0x0000000000000000-0x000000003ffeffff]
[    0.000000] NODE_DATA(0) allocated [mem 0x3ffeb000-0x3ffeffff]
[    0.000000] kvm-clock: Using msrs 4b564d01 and 4b564d00
[    0.000000] kvm-clock: cpu 0, msr 0:3ffe3001, primary cpu clock
[    0.000000] kvm-clock: using sched offset of 3432682717 cycles
[    0.000000] clocksource: kvm-clock: mask: 0xffffffffffffffff max_cycles: 0x1cd42e4dffb, max_idle_ns: 881590591483 ns
[    0.000000] Zone ranges:
[    0.000000]   DMA      [mem 0x0000000000001000-0x0000000000ffffff]
[    0.000000]   DMA32    [mem 0x0000000001000000-0x000000003ffeffff]
[    0.000000]   Normal   empty
[    0.000000]   Device   empty
[    0.000000] Movable zone start for each node
[    0.000000] Early memory node ranges
[    0.000000]   node   0: [mem 0x0000000000001000-0x000000000009efff]
[    0.000000]   node   0: [mem 0x0000000000100000-0x000000003ffeffff]
[    0.000000] Initmem setup node 0 [mem 0x0000000000001000-0x000000003ffeffff]
[    0.000000] ACPI: PM-Timer IO Port: 0x4008
[    0.000000] IOAPIC[0]: apic_id 2, version 32, address 0xfec00000, GSI 0-23
[    0.000000] ACPI: INT_SRC_OVR (bus 0 bus_irq 0 global_irq 2 dfl dfl)
[    0.000000] ACPI: INT_SRC_OVR (bus 0 bus_irq 9 global_irq 9 low level)
[    0.000000] Using ACPI (MADT) for SMP configuration information
[    0.000000] smpboot: Allowing 2 CPUs, 0 hotplug CPUs
[    0.000000] PM: Registered nosave memory: [mem 0x00000000-0x00000fff]
[    0.000000] PM: Registered nosave memory: [mem 0x0009f000-0x0009ffff]
[    0.000000] PM: Registered nosave memory: [mem 0x000a0000-0x000effff]
[    0.000000] PM: Registered nosave memory: [mem 0x000f0000-0x000fffff]
[    0.000000] e820: [mem 0x40000000-0xfebfffff] available for PCI devices
[    0.000000] Booting paravirtualized kernel on KVM
[    0.000000] clocksource: refined-jiffies: mask: 0xffffffff max_cycles: 0xffffffff, max_idle_ns: 7645519600211568 ns
[    0.000000] setup_percpu: NR_CPUS:512 nr_cpumask_bits:512 nr_cpu_ids:2 nr_node_ids:1
[    0.000000] PERCPU: Embedded 34 pages/cpu @ffff88003fc00000 s99480 r8192 d31592 u1048576
[    0.000000] Built 1 zonelists in Node order, mobility grouping on.  Total pages: 257912
[    0.000000] Policy zone: DMA32
[    0.000000] Kernel command line: BOOT_IMAGE=/boot/vmlinuz-4.4.0-143-generic root=UUID=743b1402-d445-494c-af0b-749040bb33e4 ro console=tty1 console=ttyS0
[    0.000000] PID hash table entries: 4096 (order: 3, 32768 bytes)
[    0.000000] Memory: 997208K/1048120K available (8608K kernel code, 1332K rwdata, 4008K rodata, 1484K init, 1316K bss, 50912K reserved, 0K cma-reserved)
[    0.000000] SLUB: HWalign=64, Order=0-3, MinObjects=0, CPUs=2, Nodes=1
[    0.000000] Kernel/User page tables isolation: enabled
[    0.000000] Hierarchical RCU implementation.
[    0.000000] 	Build-time adjustment of leaf fanout to 64.
[    0.000000] 	RCU restricting CPUs from NR_CPUS=512 to nr_cpu_ids=2.
[    0.000000] RCU: Adjusting geometry for rcu_fanout_leaf=64, nr_cpu_ids=2
[    0.000000] NR_IRQS:33024 nr_irqs:440 16
[    0.000000] Console: colour VGA+ 80x25
[    0.000000] console [tty1] enabled
[    0.000000] console [ttyS0] enabled
[    0.000000] tsc: Detected 2195.012 MHz processor
[    0.500175] Calibrating delay loop (skipped) preset value.. 4390.02 BogoMIPS (lpj=8780048)
[    0.501848] pid_max: default: 32768 minimum: 301
[    0.502749] ACPI: Core revision 20150930
[    0.504553] ACPI: 2 ACPI AML tables successfully acquired and loaded
[    0.505863] Security Framework initialized
[    0.506688] Yama: becoming mindful.
[    0.507439] AppArmor: AppArmor initialized
[    0.508369] Dentry cache hash table entries: 131072 (order: 8, 1048576 bytes)
[    0.510386] Inode-cache hash table entries: 65536 (order: 7, 524288 bytes)
[    0.543333] Mount-cache hash table entries: 2048 (order: 2, 16384 bytes)
[    0.545449] Mountpoint-cache hash table entries: 2048 (order: 2, 16384 bytes)
[    0.547016] Initializing cgroup subsys io
[    0.547841] Initializing cgroup subsys memory
[    0.548732] Initializing cgroup subsys devices
[    0.549615] Initializing cgroup subsys freezer
[    0.550498] Initializing cgroup subsys net_cls
[    0.551393] Initializing cgroup subsys perf_event
[    0.552310] Initializing cgroup subsys net_prio
[    0.553199] Initializing cgroup subsys hugetlb
[    0.554091] Initializing cgroup subsys pids
[    0.555105] mce: CPU supports 0 MCE banks
[    0.555979] Last level iTLB entries: 4KB 512, 2MB 8, 4MB 8
[    0.557002] Last level dTLB entries: 4KB 512, 2MB 32, 4MB 32, 1GB 0
[    0.558170] Spectre V2 : Mitigation: Full generic retpoline
[    0.559259] Spectre V2 : Spectre v2 / SpectreRSB mitigation: Filling RSB on context switch
[    0.560861] Speculative Store Bypass: Vulnerable
[    0.564511] Freeing SMP alternatives memory: 32K
[    0.571145] ftrace: allocating 32278 entries in 127 pages
[    0.630569] smpboot: APIC(0) Converting physical 0 to logical package 0
[    0.637007] smpboot: Max logical packages: 1
[    0.638152] x2apic enabled
[    0.639046] Switched APIC routing to physical x2apic.
[    0.641142] ..TIMER: vector=0x30 apic1=0 pin1=2 apic2=-1 pin2=-1
[    0.747270] smpboot: CPU0: Intel(R) Core(TM) i7-2670QM CPU @ 2.20GHz (family: 0x6, model: 0x2a, stepping: 0x7)
[    0.749349] Performance Events: unsupported p6 CPU model 42 no PMU driver, software events only.
[    0.761228] KVM setup paravirtual spinlock
[    0.762813] x86: Booting SMP configuration:
[    0.763688] .... node  #0, CPUs:      #1
[    0.764614] kvm-clock: cpu 1, msr 0:3ffe3041, secondary cpu clock
[    0.765886] mce: CPU supports 0 MCE banks
[    0.768668] x86: Booted up 1 node, 2 CPUs
[    0.769899] smpboot: Total of 2 processors activated (8780.04 BogoMIPS)
[    0.771490] devtmpfs: initialized
[    0.774132] evm: security.selinux
[    0.774854] evm: security.SMACK64
[    0.775615] evm: security.SMACK64EXEC
[    0.776379] evm: security.SMACK64TRANSMUTE
[    0.777206] evm: security.SMACK64MMAP
[    0.777970] evm: security.ima
[    0.778645] evm: security.capability
[    0.779594] clocksource: jiffies: mask: 0xffffffff max_cycles: 0xffffffff, max_idle_ns: 7645041785100000 ns
[    0.781408] futex hash table entries: 512 (order: 3, 32768 bytes)
[    0.782649] pinctrl core: initialized pinctrl subsystem
[    0.783755] RTC time: 19:09:38, date: 04/14/19
[    0.784777] NET: Registered protocol family 16
[    0.795426] cpuidle: using governor ladder
[    0.807493] cpuidle: using governor menu
[    0.808652] PCCT header not found.
[    0.809794] ACPI: bus type PCI registered
[    0.811212] acpiphp: ACPI Hot Plug PCI Controller Driver version: 0.5
[    0.813460] PCI: Using configuration type 1 for base access
[    0.828546] ACPI: Added _OSI(Module Device)
[    0.829811] ACPI: Added _OSI(Processor Device)
[    0.831047] ACPI: Added _OSI(3.0 _SCP Extensions)
[    0.832363] ACPI: Added _OSI(Processor Aggregator Device)
[    0.834726] ACPI: Executed 1 blocks of module-level executable AML code
[    0.838928] ACPI: Interpreter enabled
[    0.839961] ACPI: (supports S0 S5)
[    0.840910] ACPI: Using IOAPIC for interrupt routing
[    0.842353] PCI: Using host bridge windows from ACPI; if necessary, use "pci=nocrs" and report a bug
[    0.848480] ACPI: PCI Root Bridge [PCI0] (domain 0000 [bus 00-ff])
[    0.849647] acpi PNP0A03:00: _OSC: OS supports [ASPM ClockPM Segments MSI]
[    0.850859] acpi PNP0A03:00: _OSC: not requesting OS control; OS requires [ExtendedConfig ASPM ClockPM MSI]
[    0.852664] acpi PNP0A03:00: fail to add MMCONFIG information, can't access extended PCI configuration space under this bridge.
[    0.854999] PCI host bridge to bus 0000:00
[    0.855917] pci_bus 0000:00: root bus resource [io  0x0000-0x0cf7 window]
[    0.857107] pci_bus 0000:00: root bus resource [io  0x0d00-0xffff window]
[    0.858300] pci_bus 0000:00: root bus resource [mem 0x000a0000-0x000bffff window]
[    0.859795] pci_bus 0000:00: root bus resource [mem 0x40000000-0xfdffffff window]
[    0.861260] pci_bus 0000:00: root bus resource [bus 00-ff]
[    0.864003] pci 0000:00:01.1: legacy IDE quirk: reg 0x10: [io  0x01f0-0x01f7]
[    0.865230] pci 0000:00:01.1: legacy IDE quirk: reg 0x14: [io  0x03f6]
[    0.866387] pci 0000:00:01.1: legacy IDE quirk: reg 0x18: [io  0x0170-0x0177]
[    0.867629] pci 0000:00:01.1: legacy IDE quirk: reg 0x1c: [io  0x0376]
[    0.887343] pci 0000:00:07.0: quirk: [io  0x4000-0x403f] claimed by PIIX4 ACPI
[    0.889232] pci 0000:00:07.0: quirk: [io  0x4100-0x410f] claimed by PIIX4 SMB
[    0.921579] ACPI: PCI Interrupt Link [LNKA] (IRQs 5 9 10 *11)
[    0.924714] ACPI: PCI Interrupt Link [LNKB] (IRQs 5 9 *10 11)
[    0.928207] ACPI: PCI Interrupt Link [LNKC] (IRQs 5 *9 10 11)
[    0.931809] ACPI: PCI Interrupt Link [LNKD] (IRQs 5 9 10 *11)
[    0.937052] ACPI: Enabled 2 GPEs in block 00 to 07
[    0.938736] vgaarb: setting as boot device: PCI:0000:00:02.0
[    0.939839] vgaarb: device added: PCI:0000:00:02.0,decodes=io+mem,owns=io+mem,locks=none
[    0.941561] vgaarb: loaded
[    0.942237] vgaarb: bridge control possible 0000:00:02.0
[    0.943583] SCSI subsystem initialized
[    0.944559] ACPI: bus type USB registered
[    0.945451] usbcore: registered new interface driver usbfs
[    0.946545] usbcore: registered new interface driver hub
[    0.947616] usbcore: registered new device driver usb
[    0.949496] PCI: Using ACPI for IRQ routing
[    0.950767] NetLabel: Initializing
[    0.951547] NetLabel:  domain hash size = 128
[    0.952452] NetLabel:  protocols = UNLABELED CIPSOv4
[    0.953465] NetLabel:  unlabeled traffic allowed by default
[    0.954823] amd_nb: Cannot enumerate AMD northbridges
[    0.955914] clocksource: Switched to clocksource kvm-clock
[    0.964461] AppArmor: AppArmor Filesystem Enabled
[    0.965617] pnp: PnP ACPI init
[    0.967213] pnp: PnP ACPI: found 3 devices
[    0.978204] clocksource: acpi_pm: mask: 0xffffff max_cycles: 0xffffff, max_idle_ns: 2085701024 ns
[    0.980031] NET: Registered protocol family 2
[    0.981179] TCP established hash table entries: 8192 (order: 4, 65536 bytes)
[    0.982511] TCP bind hash table entries: 8192 (order: 5, 131072 bytes)
[    0.983755] TCP: Hash tables configured (established 8192 bind 8192)
[    0.985001] UDP hash table entries: 512 (order: 2, 16384 bytes)
[    0.986147] UDP-Lite hash table entries: 512 (order: 2, 16384 bytes)
[    0.987378] NET: Registered protocol family 1
[    0.988317] pci 0000:00:00.0: Limiting direct PCI/PCI transfers
[    0.989472] pci 0000:00:01.0: Activating ISA DMA hang workarounds
[    0.990806] Unpacking initramfs...
[    1.256610] Freeing initrd memory: 15324K
[    1.259941] RAPL PMU detected, API unit is 2^-32 Joules, 3 fixed counters 10737418240 ms ovfl timer
[    1.262326] hw unit of domain pp0-core 2^-0 Joules
[    1.263557] hw unit of domain package 2^-0 Joules
[    1.264812] hw unit of domain pp1-gpu 2^-0 Joules
[    1.266122] platform rtc_cmos: registered platform RTC device (no PNP device found)
[    1.268177] Scanning for low memory corruption every 60 seconds
[    1.270260] audit: initializing netlink subsys (disabled)
[    1.271756] audit: type=2000 audit(1555268983.421:1): initialized
[    1.273742] Initialise system trusted keyring
[    1.275238] HugeTLB registered 2 MB page size, pre-allocated 0 pages
[    1.278511] zbud: loaded
[    1.279780] VFS: Disk quotas dquot_6.6.0
[    1.280939] VFS: Dquot-cache hash table entries: 512 (order 0, 4096 bytes)
[    1.282904] squashfs: version 4.0 (2009/01/31) Phillip Lougher
[    1.284755] fuse init (API version 7.23)
[    1.285994] Key type big_key registered
[    1.287048] Allocating IMA MOK and blacklist keyrings.
[    1.290161] Key type asymmetric registered
[    1.291336] Asymmetric key parser 'x509' registered
[    1.292752] Block layer SCSI generic (bsg) driver version 0.4 loaded (major 249)
[    1.294928] io scheduler noop registered
[    1.296005] io scheduler deadline registered (default)
[    1.297400] io scheduler cfq registered
[    1.298574] pci_hotplug: PCI Hot Plug PCI Core version: 0.5
[    1.299979] pciehp: PCI Express Hot Plug Controller Driver version: 0.4
[    1.301791] ACPI: AC Adapter [AC] (on-line)
[    1.302965] input: Power Button as /devices/LNXSYSTM:00/LNXPWRBN:00/input/input0
[    1.304978] ACPI: Power Button [PWRF]
[    1.306058] input: Sleep Button as /devices/LNXSYSTM:00/LNXSLPBN:00/input/input1
[    1.308023] ACPI: Sleep Button [SLPF]
[    1.309317] GHES: HEST is not enabled!
[    1.311079] ACPI: Battery Slot [BAT0] (battery present)
[    1.311984] Serial: 8250/16550 driver, 32 ports, IRQ sharing enabled
[    1.334516] 00:02: ttyS0 at I/O 0x3f8 (irq = 4, base_baud = 115200) is a 16550A
[    1.341243] Linux agpgart interface v0.103
[    1.344873] loop: module loaded
[    1.346317] scsi host0: ata_piix
[    1.347230] scsi host1: ata_piix
[    1.348037] ata1: PATA max UDMA/33 cmd 0x1f0 ctl 0x3f6 bmdma 0xd000 irq 14
[    1.349313] ata2: PATA max UDMA/33 cmd 0x170 ctl 0x376 bmdma 0xd008 irq 15
[    1.350714] libphy: Fixed MDIO Bus: probed
[    1.351623] tun: Universal TUN/TAP device driver, 1.6
[    1.352581] tun: (C) 1999-2004 Max Krasnyansky <maxk@qualcomm.com>
[    1.353812] PPP generic driver version 2.4.2
[    1.354760] ehci_hcd: USB 2.0 'Enhanced' Host Controller (EHCI) Driver
[    1.355957] ehci-pci: EHCI PCI platform driver
[    1.356840] ehci-platform: EHCI generic platform driver
[    1.357866] ohci_hcd: USB 1.1 'Open' Host Controller (OHCI) Driver
[    1.358984] ohci-pci: OHCI PCI platform driver
[    1.359860] ohci-platform: OHCI generic platform driver
[    1.360893] uhci_hcd: USB Universal Host Controller Interface driver
[    1.362087] i8042: PNP: PS/2 Controller [PNP0303:PS2K,PNP0f03:PS2M] at 0x60,0x64 irq 1,12
[    1.364112] serio: i8042 KBD port at 0x60,0x64 irq 1
[    1.365053] serio: i8042 AUX port at 0x60,0x64 irq 12
[    1.366206] mousedev: PS/2 mouse device common for all mice
[    1.367577] input: AT Translated Set 2 keyboard as /devices/platform/i8042/serio0/input/input2
[    1.369772] rtc_cmos rtc_cmos: rtc core: registered rtc_cmos as rtc0
[    1.370954] rtc_cmos rtc_cmos: alarms up to one day, 114 bytes nvram
[    1.372116] i2c /dev entries driver
[    1.372902] device-mapper: uevent: version 1.0.3
[    1.373894] device-mapper: ioctl: 4.34.0-ioctl (2015-10-28) initialised: dm-devel@redhat.com
[    1.375514] ledtrig-cpu: registered to indicate activity on CPUs
[    1.377135] NET: Registered protocol family 10
[    1.378211] NET: Registered protocol family 17
[    1.379107] Key type dns_resolver registered
[    1.380432] registered taskstats version 1
[    1.381265] Loading compiled-in X.509 certificates
[    1.382971] Loaded X.509 cert 'Build time autogenerated kernel key: d03773f65dd2b75b701d4dd50cb1e8d0c07b3b6e'
[    1.384816] zswap: loaded using pool lzo/zbud
[    1.388029] Key type trusted registered
[    1.393587] Key type encrypted registered
[    1.394448] AppArmor: AppArmor sha1 policy hashing enabled
[    1.395449] ima: No TPM chip found, activating TPM-bypass!
[    1.396483] ima: Allocated hash algorithm: sha1
[    1.397375] evm: HMAC attrs: 0x1
[    1.398801]   Magic number: 15:670:192
[    1.399911] rtc_cmos rtc_cmos: setting system clock to 2019-04-14 19:09:38 UTC (1555268978)
[    1.402195] BIOS EDD facility v0.16 2004-Jun-25, 0 devices found
[    1.403609] EDD information not available.
[    1.506197] Freeing unused kernel memory: 1484K
[    1.507690] Write protecting the kernel read-only data: 14336k
[    1.510280] Freeing unused kernel memory: 1620K
[    1.512492] Freeing unused kernel memory: 88K
Loading, please wait...
starting version 229
[    1.539336] random: systemd-udevd: uninitialized urandom read (16 bytes read, 2 bits of entropy available)
[    1.540121] random: udevadm: uninitialized urandom read (16 bytes read, 2 bits of entropy available)
[    1.540155] random: udevadm: uninitialized urandom read (16 bytes read, 2 bits of entropy available)
[    1.547187] random: systemd-udevd: uninitialized urandom read (16 bytes read, 2 bits of entropy available)
[    1.549895] random: systemd-udevd: uninitialized urandom read (16 bytes read, 2 bits of entropy available)
[    1.552568] random: systemd-udevd: uninitialized urandom read (16 bytes read, 2 bits of entropy available)
[    1.555774] random: udevadm: uninitialized urandom read (16 bytes read, 2 bits of entropy available)
[    1.556363] random: systemd-udevd: uninitialized urandom read (16 bytes read, 2 bits of entropy available)
[    1.556397] random: systemd-udevd: uninitialized urandom read (16 bytes read, 2 bits of entropy available)
[    1.556416] random: systemd-udevd: uninitialized urandom read (16 bytes read, 2 bits of entropy available)
[    1.619515] e1000: Intel(R) PRO/1000 Network Driver - version 7.3.21-k8-NAPI
[    1.621375] e1000: Copyright (c) 1999-2006 Intel Corporation.
[    1.627270] Fusion MPT base driver 3.04.20
[    1.628436] Copyright (c) 1999-2008 LSI Corporation
[    1.659655] Fusion MPT SPI Host driver 3.04.20
[    1.673717] AVX version of gcm_enc/dec engaged.
[    1.674997] AES CTR mode by8 optimization enabled
[    1.870754] input: ImExPS/2 Generic Explorer Mouse as /devices/platform/i8042/serio1/input/input4
[    2.094331] e1000 0000:00:03.0 eth0: (PCI:33MHz:32-bit) 02:63:8e:2c:ef:cd
[    2.096669] e1000 0000:00:03.0 eth0: Intel(R) PRO/1000 Network Connection
[    2.098531] mptbase: ioc0: Initiating bringup
[    2.307569] tsc: Refined TSC clocksource calibration: 2195.385 MHz
[    2.307792] ioc0: LSI53C1030 A0: Capabilities={Initiator}
[    2.350781] clocksource: tsc: mask: 0xffffffffffffffff max_cycles: 0x1fa52b367b5, max_idle_ns: 440795223145 ns
[    3.313699] scsi host2: ioc0: LSI53C1030 A0, FwRev=00000000h, Ports=1, MaxQ=256, IRQ=20
[    3.488964] scsi 2:0:0:0: Direct-Access     VBOX     HARDDISK         1.0  PQ: 0 ANSI: 5
[    3.779720] scsi target2:0:0: Beginning Domain Validation
[    3.783083] scsi target2:0:0: Domain Validation skipping write tests
[    3.784320] scsi target2:0:0: Ending Domain Validation
[    3.804111] scsi target2:0:0: asynchronous
[    3.806366] scsi 2:0:1:0: Direct-Access     VBOX     HARDDISK         1.0  PQ: 0 ANSI: 5
[    3.808913] scsi target2:0:1: Beginning Domain Validation
[    3.811756] scsi target2:0:1: Domain Validation skipping write tests
[    3.825854] scsi target2:0:1: Ending Domain Validation
[    3.826994] scsi target2:0:1: asynchronous
[    3.885360] sd 2:0:0:0: Attached scsi generic sg0 type 0
[    4.016765] sd 2:0:0:0: [sda] 20971520 512-byte logical blocks: (10.7 GB/10.0 GiB)
[    4.184739] e1000 0000:00:08.0 eth1: (PCI:33MHz:32-bit) 08:00:27:bb:54:9e
[    4.184744] e1000 0000:00:08.0 eth1: Intel(R) PRO/1000 Network Connection
[    4.208338] sd 2:0:1:0: Attached scsi generic sg1 type 0
[    4.406543] sd 2:0:0:0: [sda] Write Protect is off
[    4.406571] sd 2:0:1:0: [sdb] 20480 512-byte logical blocks: (10.5 MB/10.0 MiB)
[    4.409391] sd 2:0:1:0: [sdb] Write Protect is off
[    4.410553] sd 2:0:0:0: [sda] Incomplete mode parameter data
[    4.412320] sd 2:0:0:0: [sda] Assuming drive cache: write through
[    4.414088] sd 2:0:1:0: [sdb] Incomplete mode parameter data
[    4.415114] sd 2:0:1:0: [sdb] Assuming drive cache: write through
[    4.429134]  sda: sda1
[    4.432707] sd 2:0:1:0: [sdb] Attached SCSI disk
[    4.434411] sd 2:0:0:0: [sda] Attached SCSI disk
[    4.608664] e1000 0000:00:09.0 eth2: (PCI:33MHz:32-bit) 08:00:27:48:2a:47
[    4.929297] e1000 0000:00:09.0 eth2: Intel(R) PRO/1000 Network Connection
[    5.498021] e1000 0000:00:0a.0 eth3: (PCI:33MHz:32-bit) 08:00:27:5a:10:a2
[    5.540281] e1000 0000:00:0a.0 eth3: Intel(R) PRO/1000 Network Connection
[    5.543483] e1000 0000:00:0a.0 enp0s10: renamed from eth3
[    5.564399] e1000 0000:00:03.0 enp0s3: renamed from eth0
[    5.576321] e1000 0000:00:09.0 enp0s9: renamed from eth2
[    5.600513] e1000 0000:00:08.0 enp0s8: renamed from eth1
Begin: Loading essential drivers ... [    7.007056] md: linear personality registered for level -1
[    7.011080] md: multipath personality registered for level -4
[    7.015093] md: raid0 personality registered for level 0
[    7.020301] md: raid1 personality registered for level 1
[    7.091943] raid6: sse2x1   gen()  8036 MB/s
[    7.159945] raid6: sse2x1   xor()  6218 MB/s
[    7.231942] raid6: sse2x2   gen() 10100 MB/s
[    7.303956] raid6: sse2x2   xor()  7159 MB/s
[    7.379945] raid6: sse2x4   gen() 11666 MB/s
[    7.447942] raid6: sse2x4   xor()  8684 MB/s
[    7.459253] raid6: using algorithm sse2x4 gen() 11666 MB/s
[    7.460264] raid6: .... xor() 8684 MB/s, rmw enabled
[    7.461214] raid6: using ssse3x2 recovery algorithm
[    7.463306] xor: automatically using best checksumming function:
[    7.503938]    avx       : 19886.000 MB/sec
[    7.510177] async_tx: api initialized (async)
[    7.525600] md: raid6 personality registered for level 6
[    7.526975] md: raid5 personality registered for level 5
[    7.528350] md: raid4 personality registered for level 4
[    7.538032] md: raid10 personality registered for level 10
done.
Begin: Running /scripts/init-premount ... done.
Begin: Mounting root file system ... Begin: Running /scripts/local-top ... done.
Begin: Running /scripts/local-premount ... [    7.580727] Btrfs loaded
Scanning for Btrfs filesystems
done.
Warning: fsck not present, so skipping root file system
[    7.637176] EXT4-fs (sda1): INFO: recovery required on readonly filesystem
[    7.640703] EXT4-fs (sda1): write access will be enabled during recovery
[    7.697643] EXT4-fs (sda1): orphan cleanup on readonly fs
[    7.703143] EXT4-fs (sda1): 18 orphan inodes deleted
[    7.704085] EXT4-fs (sda1): recovery complete
[    7.706225] EXT4-fs (sda1): mounted filesystem with ordered data mode. Opts: (null)
done.
Begin: Running /scripts/local-bottom ... done.
Begin: Running /scripts/init-bottom ... done.
[    7.882766] systemd[1]: systemd 229 running in system mode. (+PAM +AUDIT +SELINUX +IMA +APPARMOR +SMACK +SYSVINIT +UTMP +LIBCRYPTSETUP +GCRYPT +GNUTLS +ACL +XZ -LZ4 +SECCOMP +BLKID +ELFUTILS +KMOD -IDN)
[    7.921856] systemd[1]: Detected virtualization oracle.
[    7.922848] systemd[1]: Detected architecture x86-64.

Welcome to [1mUbuntu 16.04.3 LTS[0m!

[    7.928898] systemd[1]: Set hostname to <gw01>.
[    8.206927] systemd[1]: Created slice System Slice.
[[0;32m  OK  [0m] Created slice System Slice.
[    8.411128] systemd[1]: Listening on Journal Audit Socket.
[[0;32m  OK  [0m] Listening on Journal Audit Socket.
[    8.414083] systemd[1]: Started Forward Password Requests to Wall Directory Watch.
[[0;32m  OK  [0m] Started Forward Password Requests to Wall Directory Watch.
[    8.418450] systemd[1]: Listening on udev Kernel Socket.
[[0;32m  OK  [0m] Listening on udev Kernel Socket.
[    8.422408] systemd[1]: Created slice system-serial\x2dgetty.slice.
[[0;32m  OK  [0m] Created slice system-serial\x2dgetty.slice.
[    8.426218] systemd[1]: Listening on Syslog Socket.
[[0;32m  OK  [0m] Listening on Syslog Socket.
[    8.429595] systemd[1]: Created slice User and Session Slice.
[[0;32m  OK  [0m] Created slice User and Session Slice.
[    8.432457] systemd[1]: Reached target Slices.
[[0;32m  OK  [0m] Reached target Slices.
[    8.434656] systemd[1]: Reached target User and Group Name Lookups.
[[0;32m  OK  [0m] Reached target User and Group Name Lookups.
[    8.437643] systemd[1]: Reached target Swap.
[[0;32m  OK  [0m] Reached target Swap.
[    8.439953] systemd[1]: Reached target System Time Synchronized.
[[0;32m  OK  [0m] Reached target System Time Synchronized.
[    8.442796] systemd[1]: Reached target Encrypted Volumes.
[[0;32m  OK  [0m] Reached target Encrypted Volumes.
[    8.445349] systemd[1]: Listening on Journal Socket (/dev/log).
[[0;32m  OK  [0m] Listening on Journal Socket (/dev/log).
[    8.448135] systemd[1]: Listening on LVM2 metadata daemon socket.
[[0;32m  OK  [0m] Listening on LVM2 metadata daemon socket.
[    8.451031] systemd[1]: Listening on Journal Socket.
[[0;32m  OK  [0m] Listening on Journal Socket.
[    8.464246] systemd[1]: Starting Remount Root and Kernel File Systems...
         Starting Remount Root and Kernel File Systems...
[    8.478579] EXT4-fs (sda1): re-mounted. Opts: (null)
[    8.479065] systemd[1]: Mounting Huge Pages File System...
         Mounting Huge Pages File System...
[    8.484446] systemd[1]: Starting Set console keymap...
         Starting Set console keymap...
[    8.487821] systemd[1]: Starting Create list of required static device nodes for the current kernel...
         Starting Create list of required st... nodes for the current kernel...
[    8.538832] systemd[1]: Starting Journal Service...
         Starting Journal Service...
[    8.631309] systemd[1]: Starting Uncomplicated firewall...
         Starting Uncomplicated firewall...
[    8.740194] systemd[1]: Listening on LVM2 poll daemon socket.
[[0;32m  OK  [0m] Listening on LVM2 poll daemon socket.
[    8.828125] systemd[1]: Started Trigger resolvconf update for networkd DNS.
[[0;32m  OK  [0m] Started Trigger resolvconf update for networkd DNS.
[    8.832954] systemd[1]: Listening on Device-mapper event daemon FIFOs.
[[0;32m  OK  [0m] Listening on Device-mapper event daemon FIFOs.
[    8.851024] systemd[1]: Starting Monitoring of LVM2 mirrors, snapshots etc. using dmeventd or progress polling...
         Starting Monitoring of LVM2 mirrors... dmeventd or progress polling...
[    8.861714] systemd[1]: Mounting Debug File System...
         Mounting Debug File System...
[    8.869356] systemd[1]: Starting Load Kernel Modules...
         Starting Load Kernel Modules...
[    8.875434] systemd[1]: Mounting POSIX Message Queue File System...
         Mounting POSIX Message Queue File System...
[    8.885263] systemd[1]: Listening on /dev/initctl Compatibility Named Pipe.
[[0;32m  OK  [0m] Listening on /dev/initctl Compatibility Named Pipe.
[    8.889249] systemd[1]: Listening on udev Control Socket.
[    8.890903] Loading iSCSI transport class v2.0-870.
[[0;32m  OK  [0m] Listening on udev Control Socket.
[    8.900589] iscsi: registered transport (tcp)
[    8.908668] systemd[1]: Starting Nameserver information manager...
         Starting Nameserver information manager...
[    8.915686] systemd[1]: Set up automount Arbitrary Executable File Formats File System Automount Point.
[[0;32m  OK  [0m] Set up automount Arbitrary Executab...ats File System Automount Point.
[    8.925776] systemd[1]: Mounted POSIX Message Queue File System.
[[0;32m  OK  [0m] Mounted POSIX Message Queue File System.
[    8.929420] systemd[1]: Mounted Debug File System.
[[0;32m  OK  [0m] Mounted Debug File System.
[    8.932381] systemd[1]: Mounted Huge Pages File System.
[[0;32m  OK  [0m] Mounted Huge Pages File System.
[    8.940517] systemd[1]: Started Journal Service.
[    9.009720] iscsi: registered transport (iser)
[[0;32m  OK  [0m] Started Journal Service.
[[0;32m  OK  [0m] Started Remount Root and Kernel File Systems.
[[0;32m  OK  [0m] Started Set console keymap.
[[0;32m  OK  [0m] Started Create list of required sta...ce nodes for the current kernel.
[[0;32m  OK  [0m] Started Uncomplicated firewall.
[[0;32m  OK  [0m] Started Load Kernel Modules.
[[0;32m  OK  [0m] Started Nameserver information manager.
[[0;32m  OK  [[    9.209584] random: nonblocking pool is initialized
0m] Started LVM2 metadata daemon.
         Starting Apply Kernel Variables...
         Mounting FUSE Control File System...
         Starting Create Static Device Nodes in /dev...
         Starting Load/Save Random Seed...
         Starting udev Coldplug all Devices...
         Starting Initial cloud-init job (pre-networking)...
         Starting Flush Journal to Persistent Storage...
[[0;32m  OK  [0m] Mounted FUSE Control File System.
[[0;32m  OK  [0m] Started Apply Kernel Variables.
[[0;32m  OK  [0m] Started Create Static Device Nodes in /dev.
[[0;32m  OK  [0m] Started Load/Save Random Seed.
         Starting udev Kernel Device Manager...
[[0;32m  OK  [0m] Started Flush Journal to Persistent Storage.
[[0;32m  OK  [0m] Started udev Kernel Device Manager.
[[0;32m  OK  [0m] Started udev Coldplug all Devices.
[[0;32m  OK  [0m] Started Dispatch Password Requests to Console Directory Watch.
[[0;32m  OK  [0m] Started Monitoring of LVM2 mirrors,...ng dmeventd or progress polling.
[[0;32m  OK  [0m] Found device /dev/ttyS0.
[[0;32m  OK  [0m] Reached target Local File Systems (Pre).
[[0;32m  OK  [0m] Reached target Local File Systems.
         Starting LSB: AppArmor initialization...
         Starting Set console font and keymap...
         Starting Create Volatile Files and Directories...
         Starting Tell Plymouth To Write Out Runtime Data...
[[0;32m  OK  [0m] Started Create Volatile Files and Directories.
[[0;32m  OK  [0m] Started Tell Plymouth To Write Out Runtime Data.
         Starting Update UTMP about System Boot/Shutdown...
[[0;32m  OK  [0m] Listening on Load/Save RF Kill Switch Status /dev/rfkill Watch.
[[0;32m  OK  [0m] Started LSB: AppArmor initialization.
[[0;32m  OK  [0m] Started Update UTMP about System Boot/Shutdown.
[[0;32m  OK  [0m] Found device 82540EM Gigabit Ethern...r (PRO/1000 MT Desktop Adapter).
[[0;32m  OK  [0m] Found device 82540EM Gigabit Ethern...r (PRO/1000 MT Desktop Adapter).
[    9.977090] cloud-init[458]: Cloud-init v. 17.1 running 'init-local' at Sun, 14 Apr 2019 19:09:47 +0000. Up 9.59 seconds.
[[0;32m  OK  [0m] Found device 82540EM Gigabit Ethern...r (PRO/1000 MT Desktop Adapter).
[[0;32m  OK  [0m] Started Initial cloud-init job (pre-networking).
[[0;32m  OK  [0m] Found device 82540EM Gigabit Ethern...r (PRO/1000 MT Desktop Adapter).
[[0;32m  OK  [0m] Reached target Network (Pre).
[[0;32m  OK  [0m] Started ifup for enp0s8.
[[0;32m  OK  [0m] Started ifup for enp0s3.
[[0;32m  OK  [0m] Started ifup for enp0s9.
[[0;32m  OK  [0m] Started ifup for enp0s10.
         Starting Raise network interfaces...
[[0;32m  OK  [0m] Started Set console font and keymap.
[[0;32m  OK  [0m] Created slice system-getty.slice.
[[0;32m  OK  [0m] Started Raise network interfaces.
[[0;32m  OK  [0m] Reached target Network.
         Starting Initial cloud-init job (metadata service crawler)...
[   11.466676] cloud-init[1223]: Cloud-init v. 17.1 running 'init' at Sun, 14 Apr 2019 19:09:48 +0000. Up 11.00 seconds.
[   11.470021] cloud-init[1223]: ci-info: ++++++++++++++++++++++++++++++++++++++Net device info+++++++++++++++++++++++++++++++++++++++
[   11.476398] cloud-init[1223]: ci-info: +---------+------+-----------------------------+---------------+-------+-------------------+
[   11.484461] cloud-init[1223]: ci-info: |  Device |  Up  |           Address           |      Mask     | Scope |     Hw-Address    |
[   11.487873] cloud-init[1223]: ci-info: +---------+------+-----------------------------+---------------+-------+-------------------+
[   11.496445] cloud-init[1223]: ci-info: | enp0s10 | True |          10.0.0.22          | 255.255.255.0 |   .   | 08:00:27:5a:10:a2 |
[   11.502470] cloud-init[1223]: ci-info: | enp0s10 | True | fe80::a00:27ff:fe5a:10a2/64 |       .       |  link | 08:00:27:5a:10:a2 |
[   11.546996] cloud-init[1223]: ci-info: |  enp0s3 | True |          10.0.2.15          | 255.255.255.0 |   .   | 02:63:8e:2c:ef:cd |
[   11.551047] cloud-init[1223]: ci-info: |  enp0s3 | True |  fe80::63:8eff:fe2c:efcd/64 |       .       |  link | 02:63:8e:2c:ef:cd |[[0;32m  OK  [0m
] Started Initial cloud-init job (metadata service crawler).[   11.556676] cloud-init[1223]: ci-info: |  enp0s8 | True |         192.168.1.11        | 255.255.255.0 |   .   | 08:00:27:bb:54:9e |
[   11.558395] cloud-init[1223]: ci-info: |  enp0s8 | True | fe80::a00:27ff:febb:549e/64 |       .       |  link | 08:00:27:bb:54:9e |
[   11.558669] cloud-init[1223]: ci-info: |  enp0s9 | True |          10.0.0.11          | 255.255.255.0 |   .   | 08:00:27:48:2a:47 |
[   11.558931] cloud-init[1223]: ci-info: |  enp0s9 | True | fe80::a00:27ff:fe48:2a47/64 |       .       |  link | 08:00:27:48:2a:47 |
[   11.559167] cloud-init[1223]: ci-info: |    lo   | True |          127.0.0.1          |   255.0.0.0   |   .   |         .         |
[   11.559427] cloud-init[1223]: ci-info: |    lo   | True |           ::1/128           |       .       |  host |         .         |
[   11.559668] cloud-init[1223]: ci-info: +---------+------+-----------------------------+---------------+-------+-------------------+
[   11.559895] cloud-init[1223]: ci-info: +++++++++++++++++++++++++++Route IPv4 info++++++++++++++++++++++++++++
[   11.560128] cloud-init[1223]: ci-info: +-------+-------------+----------+---------------+-----------+-------+
[   11.560355] cloud-init[1223]: ci-info: | Route | Destination | Gateway  |    Genmask    | Interface | Flags |
[   11.560624] cloud-init[1223]: ci-info: +-------+-------------+----------+---------------+-----------+-------+
[   11.561095] cloud-init[1223]: ci-info: |   0   |   0.0.0.0   | 10.0.2.2 |    0.0.0.0    |   enp0s3  |   UG  |
[   11.561873] cloud-init[1223]: ci-info: |   1   |   10.0.0.0  | 0.0.0.0  | 255.255.255.0 |   enp0s9  |   U   |
[   11.562294] cloud-init[1223]: ci-info: |   2   |   10.0.0.0  | 0.0.0.0  | 255.255.255.0 |  enp0s10  |   U   |
[   11.562845] cloud-init[1223]: ci-info: |   3   |   10.0.2.0  | 0.0.0.0  | 255.255.255.0 |   enp0s3  |   U   |
[   11.563353] cloud-init[1223]: ci-info: |   4   | 192.168.1.0 | 0.0.0.0  | 255.255.255.0 |   enp0s8  |   U   |
[   11.563865] cloud-init[1223]: ci-info: +-------+-------------+----------+---------------+-----------+-------+

[[0;32m  OK  [0m] Reached target Network is Online.
         Starting iSCSI initiator daemon (iscsid)...
[[0;32m  OK  [0m] Reached target Cloud-config availability.
[[0;32m  OK  [0m] Reached target System Initialization.
[[0;32m  OK  [0m] Started ACPI Events Check.
[[0;32m  OK  [0m] Reached target Paths.
         Starting LXD - unix socket.
         Starting Socket activation for snappy daemon.
[[0;32m  OK  [0m] Listening on D-Bus System Message Bus Socket.
[[0;32m  OK  [0m] Listening on UUID daemon activation socket.
[[0;32m  OK  [0m] Listening on ACPID Listen Socket.
[[0;32m  OK  [0m] Started Daily apt download activities.
[[0;32m  OK  [0m] Started Daily apt upgrade and clean activities.
[[0;32m  OK  [0m] Started Daily Cleanup of Temporary Directories.
[[0;32m  OK  [0m] Reached target Timers.
[[0;32m  OK  [0m] Listening on LXD - unix socket.
[[0;32m  OK  [0m] Listening on Socket activation for snappy daemon.
[[0;32m  OK  [0m] Started iSCSI initiator daemon (iscsid).
         Starting Login to default iSCSI targets...
[[0;32m  OK  [0m] Reached target Sockets.
[[0;32m  OK  [0m] Reached target Basic System.
[[0;32m  OK  [0m] Started D-Bus System Message Bus.
[[0;32m  OK  [0m] Started Deferred execution scheduler.
         Starting System Logging Service...
         Starting /etc/rc.local Compatibility...
[[0;32m  OK  [0m] Started ACPI event daemon.
         Starting LSB: MD monitoring daemon...
[[0;32m  OK  [0m] Started Regular background program processing daemon.
[[0;32m  OK  [0m] Started Unattended Upgrades Shutdown.
         Starting Login Service...
         Starting LSB: Record successful boot for GRUB...
         Starting Apply the settings specified in cloud-config...
[[0;32m  OK  [0m] Started FUSE filesystem for LXC.
         Starting Snappy daemon...
         Starting vboxadd.service...
         Starting Accounts Service...
         Starting OpenBSD Secure Shell server...
         Starting LXD - container startup/shutdown...
[[0;32m  OK  [0m] Started /etc/rc.local Compatibility.
[[0;32m  OK  [0m] Started System Logging Service.
[[0;32m  OK  [0m] Started Login to default iSCSI targets.
[[0;32m  OK  [0m] Started LSB: MD monitoring daemon.
[[0;32m  OK  [0m] Started OpenBSD Secure Shell server.
[[0;32m  OK  [0m] Started LSB: Record successful boot for GRUB.
[[0;32m  OK  [0m] Started Login Service.
         Starting Authenticate and Authorize Users to Run Privileged Tasks...
[[0;32m  OK  [0m] Reached target Remote File Systems (Pre).
[[0;32m  OK  [0m] Reached target Remote File Systems.
         Starting Permit User Sessions...
         Starting LSB: Set the CPU Frequency Scaling governor to "ondemand"...
         Starting LSB: automatic crash report generation...
         Starting LSB: daemon to balance interrupts for SMP systems...
[[0;32m  OK  [0m] Started Snappy daemon.
[[0;32m  OK  [0m] Started LXD - container startup/shutdown.
[[0;32m  OK  [0m] Started Permit User Sessions.
[[0;32m  OK  [0m] Started Authenticate and Authorize Users to Run Privileged Tasks.
[[0;32m  OK  [0m] Started Accounts Service.
         Starting Terminate Plymouth Boot Screen...
         Starting Hold until boot process finishes up...
         Starting Wait until snapd is fully seeded...
[[0;32m  OK  [0m] Started LSB: Set the CPU Frequency Scaling governor to "ondemand".
[[0;32m  OK  [0m] Started LSB: automatic crash report generation.
[[0;32m  OK  [0m] Started LSB: daemon to balance interrupts for SMP systems.
[[0;32m  OK  [0m] Started Terminate Plymouth Boot Screen.
[[0;32m  OK  [0m] Started Hold until boot process finishes up.
[[0;32m  OK  [0m] Started Serial Getty on ttyS0.
         Starting Set console scheme...
[[0;32m  OK  [0m] Started Getty on tty1.
[[0;32m  OK  [0m] Reached target Login Prompts.
[[0;32m  OK  [0m] Started Wait until snapd is fully seeded.
[[0;32m  OK  [0m] Started Set console scheme.
[[0;32m  OK  [0m] Started vboxadd.service.
         Starting vboxadd-service.service...
[[0;1;31mFAILED[0m] Failed to start vboxadd-service.service.
See 'systemctl status vboxadd-service.service' for details.
[[0;32m  OK  [0m] Reached target Multi-User System.
[[0;32m  OK  [0m] Reached target Graphical Interface.
         Starting Update UTMP about System Runlevel Changes...
[[0;32m  OK  [0m] Started Update UTMP about System Runlevel Changes.
[   12.855830] cloud-init[1305]: Cloud-init v. 17.1 running 'modules:config' at Sun, 14 Apr 2019 19:09:50 +0000. Up 12.61 seconds.
[[0;32m  OK  [0m] Started Apply the settings specified in cloud-config.
         Starting Execute cloud user/final scripts...
[   13.477204] cloud-init[1531]: Cloud-init v. 17.1 running 'modules:final' at Sun, 14 Apr 2019 19:09:51 +0000. Up 13.27 seconds.
[[0;32m  OK  [0m] Started Execute cloud user/final scripts.
[   13.557346] cloud-init[1531]: Cloud-init v. 17.1 finished at Sun, 14 Apr 2019 19:09:51 +0000. Datasource DataSourceNoCloud [seed=/dev/sdb][dsmode=net].  Up 13.47 seconds[[0;32m  OK  [0m] Reached target Cloud-init target.

         Starting Daily apt download activities...

Ubuntu 16.04.3 LTS gw01 ttyS0

gw01 login: [[0;32m  OK  [0m] Started ACPI event daemon.
[[0;32m  OK  [0m] Started ACPI event daemon.
[[0;32m  OK  [0m] Started ACPI event daemon.
[  OK  ] Started ACPI event daemon.
[  OK  ] Started Trigger resolvconf update for networkd DNS.
[  OK  ] Started ACPI event daemon.
[  OK  ] Started ACPI event daemon.
[  OK  ] Started ACPI event daemon.
[  OK  ] Started ACPI event daemon.
[  OK  ] Started ACPI event daemon.
         Stopping udev Kernel Device Manager...
[  OK  ] Stopped udev Kernel Device Manager.
         Starting udev Kernel Device Manager...
[  OK  ] Started udev Kernel Device Manager.
[  OK  ] Started ACPI event daemon.
[  OK  ] Started ACPI event daemon.
[  OK  ] Started ACPI event daemon.
         Stopping Authenticate and Authorize Users to Run Privileged Tasks...
[  OK  ] Stopped Authenticate and Authorize Users to Run Privileged Tasks.
         Starting Authenticate and Authorize Users to Run Privileged Tasks...
[  OK  ] Started Authenticate and Authorize Users to Run Privileged Tasks.
[  OK  ] Started Daily apt upgrade and clean activities.
